{"/Users/yejinlee/Project/mysql-server/src/app.js": {"path":"/Users/yejinlee/Project/mysql-server/src/app.js","statementMap":{"0":{"start":{"line":1,"column":0},"end":{"line":1,"column":27}},"1":{"start":{"line":16,"column":12},"end":{"line":16,"column":21}},"2":{"start":{"line":18,"column":13},"end":{"line":18,"column":37}},"3":{"start":{"line":21,"column":0},"end":{"line":21,"column":16}},"4":{"start":{"line":24,"column":0},"end":{"line":24,"column":24}},"5":{"start":{"line":27,"column":0},"end":{"line":27,"column":48}},"6":{"start":{"line":30,"column":0},"end":{"line":30,"column":22}},"7":{"start":{"line":33,"column":0},"end":{"line":33,"column":22}},"8":{"start":{"line":39,"column":11},"end":{"line":39,"column":42}},"9":{"start":{"line":40,"column":4},"end":{"line":40,"column":24}},"10":{"start":{"line":43,"column":0},"end":{"line":45,"column":3}},"11":{"start":{"line":44,"column":4},"end":{"line":44,"column":62}},"12":{"start":{"line":48,"column":0},"end":{"line":50,"column":2}},"13":{"start":{"line":49,"column":4},"end":{"line":49,"column":48}},"14":{"start":{"line":53,"column":0},"end":{"line":55,"column":2}},"15":{"start":{"line":54,"column":4},"end":{"line":54,"column":26}},"16":{"start":{"line":58,"column":0},"end":{"line":72,"column":2}},"17":{"start":{"line":59,"column":19},"end":{"line":59,"column":22}},"18":{"start":{"line":61,"column":4},"end":{"line":63,"column":5}},"19":{"start":{"line":62,"column":8},"end":{"line":62,"column":35}},"20":{"start":{"line":66,"column":4},"end":{"line":66,"column":41}},"21":{"start":{"line":67,"column":4},"end":{"line":67,"column":77}},"22":{"start":{"line":70,"column":4},"end":{"line":71,"column":42}}},"fnMap":{"0":{"name":"(anonymous_0)","decl":{"start":{"line":43,"column":13},"end":{"line":43,"column":14}},"loc":{"start":{"line":43,"column":27},"end":{"line":45,"column":1}},"line":43},"1":{"name":"(anonymous_1)","decl":{"start":{"line":48,"column":17},"end":{"line":48,"column":18}},"loc":{"start":{"line":48,"column":23},"end":{"line":50,"column":1}},"line":48},"2":{"name":"(anonymous_2)","decl":{"start":{"line":53,"column":8},"end":{"line":53,"column":9}},"loc":{"start":{"line":53,"column":28},"end":{"line":55,"column":1}},"line":53},"3":{"name":"(anonymous_3)","decl":{"start":{"line":58,"column":8},"end":{"line":58,"column":9}},"loc":{"start":{"line":58,"column":33},"end":{"line":72,"column":1}},"line":58}},"branchMap":{"0":{"loc":{"start":{"line":18,"column":13},"end":{"line":18,"column":37}},"type":"binary-expr","locations":[{"start":{"line":18,"column":13},"end":{"line":18,"column":29}},{"start":{"line":18,"column":33},"end":{"line":18,"column":37}}],"line":18},"1":{"loc":{"start":{"line":61,"column":4},"end":{"line":63,"column":5}},"type":"if","locations":[{"start":{"line":61,"column":4},"end":{"line":63,"column":5}},{"start":{},"end":{}}],"line":61},"2":{"loc":{"start":{"line":67,"column":23},"end":{"line":67,"column":77}},"type":"cond-expr","locations":[{"start":{"line":67,"column":64},"end":{"line":67,"column":72}},{"start":{"line":67,"column":75},"end":{"line":67,"column":77}}],"line":67}},"s":{"0":1,"1":1,"2":1,"3":1,"4":1,"5":1,"6":1,"7":1,"8":1,"9":1,"10":1,"11":0,"12":1,"13":1,"14":1,"15":0,"16":1,"17":2,"18":2,"19":0,"20":2,"21":2,"22":2},"f":{"0":0,"1":1,"2":0,"3":2},"b":{"0":[1,0],"1":[0,2],"2":[0,2]},"_coverageSchema":"1a1c01bbd47fc00a2c39e90264f33305004495a9","hash":"e823a400b0f842d0e2829727c95ac0f49be0c670"}
,"/Users/yejinlee/Project/mysql-server/src/app/config/config.js": {"path":"/Users/yejinlee/Project/mysql-server/src/app/config/config.js","statementMap":{"0":{"start":{"line":2,"column":0},"end":{"line":2,"column":26}},"1":{"start":{"line":7,"column":0},"end":{"line":9,"column":3}},"2":{"start":{"line":8,"column":4},"end":{"line":8,"column":30}},"3":{"start":{"line":11,"column":22},"end":{"line":23,"column":1}},"4":{"start":{"line":25,"column":0},"end":{"line":42,"column":1}}},"fnMap":{},"branchMap":{"0":{"loc":{"start":{"line":7,"column":0},"end":{"line":9,"column":3}},"type":"if","locations":[{"start":{"line":7,"column":0},"end":{"line":9,"column":3}},{"start":{},"end":{}}],"line":7}},"s":{"0":1,"1":1,"2":1,"3":1,"4":1},"f":{},"b":{"0":[1,0]},"_coverageSchema":"1a1c01bbd47fc00a2c39e90264f33305004495a9","hash":"e1358640cebd79064e48237202a9e000ae7999b7"}
,"/Users/yejinlee/Project/mysql-server/src/app/controller/assign.controller.js": {"path":"/Users/yejinlee/Project/mysql-server/src/app/controller/assign.controller.js","statementMap":{"0":{"start":{"line":1,"column":11},"end":{"line":1,"column":39}},"1":{"start":{"line":2,"column":15},"end":{"line":2,"column":24}},"2":{"start":{"line":3,"column":11},"end":{"line":3,"column":34}},"3":{"start":{"line":6,"column":0},"end":{"line":32,"column":6}},"4":{"start":{"line":7,"column":15},"end":{"line":7,"column":28}},"5":{"start":{"line":8,"column":22},"end":{"line":8,"column":53}},"6":{"start":{"line":10,"column":4},"end":{"line":30,"column":11}},"7":{"start":{"line":16,"column":12},"end":{"line":24,"column":13}},"8":{"start":{"line":17,"column":16},"end":{"line":19,"column":19}},"9":{"start":{"line":21,"column":16},"end":{"line":23,"column":19}},"10":{"start":{"line":27,"column":12},"end":{"line":29,"column":15}},"11":{"start":{"line":34,"column":0},"end":{"line":48,"column":4}},"12":{"start":{"line":35,"column":18},"end":{"line":35,"column":33}},"13":{"start":{"line":36,"column":20},"end":{"line":36,"column":73}},"14":{"start":{"line":38,"column":4},"end":{"line":47,"column":9}},"15":{"start":{"line":40,"column":8},"end":{"line":40,"column":23}},"16":{"start":{"line":43,"column":8},"end":{"line":46,"column":11}},"17":{"start":{"line":50,"column":2},"end":{"line":62,"column":4}},"18":{"start":{"line":51,"column":15},"end":{"line":51,"column":28}},"19":{"start":{"line":53,"column":4},"end":{"line":61,"column":9}},"20":{"start":{"line":55,"column":8},"end":{"line":55,"column":23}},"21":{"start":{"line":58,"column":8},"end":{"line":60,"column":11}}},"fnMap":{"0":{"name":"(anonymous_0)","decl":{"start":{"line":6,"column":17},"end":{"line":6,"column":18}},"loc":{"start":{"line":6,"column":31},"end":{"line":32,"column":5}},"line":6},"1":{"name":"(anonymous_1)","decl":{"start":{"line":15,"column":14},"end":{"line":15,"column":15}},"loc":{"start":{"line":15,"column":29},"end":{"line":25,"column":9}},"line":15},"2":{"name":"(anonymous_2)","decl":{"start":{"line":26,"column":15},"end":{"line":26,"column":16}},"loc":{"start":{"line":26,"column":22},"end":{"line":30,"column":9}},"line":26},"3":{"name":"(anonymous_3)","decl":{"start":{"line":34,"column":18},"end":{"line":34,"column":19}},"loc":{"start":{"line":34,"column":32},"end":{"line":48,"column":3}},"line":34},"4":{"name":"(anonymous_4)","decl":{"start":{"line":39,"column":12},"end":{"line":39,"column":13}},"loc":{"start":{"line":39,"column":20},"end":{"line":41,"column":7}},"line":39},"5":{"name":"(anonymous_5)","decl":{"start":{"line":42,"column":13},"end":{"line":42,"column":14}},"loc":{"start":{"line":42,"column":20},"end":{"line":47,"column":7}},"line":42},"6":{"name":"(anonymous_6)","decl":{"start":{"line":50,"column":20},"end":{"line":50,"column":21}},"loc":{"start":{"line":50,"column":34},"end":{"line":62,"column":3}},"line":50},"7":{"name":"(anonymous_7)","decl":{"start":{"line":54,"column":12},"end":{"line":54,"column":13}},"loc":{"start":{"line":54,"column":20},"end":{"line":56,"column":7}},"line":54},"8":{"name":"(anonymous_8)","decl":{"start":{"line":57,"column":13},"end":{"line":57,"column":14}},"loc":{"start":{"line":57,"column":20},"end":{"line":61,"column":7}},"line":57}},"branchMap":{"0":{"loc":{"start":{"line":8,"column":22},"end":{"line":8,"column":53}},"type":"cond-expr","locations":[{"start":{"line":8,"column":27},"end":{"line":8,"column":46}},{"start":{"line":8,"column":49},"end":{"line":8,"column":53}}],"line":8},"1":{"loc":{"start":{"line":16,"column":12},"end":{"line":24,"column":13}},"type":"if","locations":[{"start":{"line":16,"column":12},"end":{"line":24,"column":13}},{"start":{"line":20,"column":19},"end":{"line":24,"column":13}}],"line":16},"2":{"loc":{"start":{"line":28,"column":25},"end":{"line":28,"column":81}},"type":"binary-expr","locations":[{"start":{"line":28,"column":25},"end":{"line":28,"column":36}},{"start":{"line":28,"column":40},"end":{"line":28,"column":81}}],"line":28},"3":{"loc":{"start":{"line":36,"column":20},"end":{"line":36,"column":73}},"type":"cond-expr","locations":[{"start":{"line":36,"column":28},"end":{"line":36,"column":66}},{"start":{"line":36,"column":69},"end":{"line":36,"column":73}}],"line":36},"4":{"loc":{"start":{"line":45,"column":12},"end":{"line":45,"column":76}},"type":"binary-expr","locations":[{"start":{"line":45,"column":12},"end":{"line":45,"column":23}},{"start":{"line":45,"column":27},"end":{"line":45,"column":76}}],"line":45}},"s":{"0":1,"1":1,"2":1,"3":1,"4":0,"5":0,"6":0,"7":0,"8":0,"9":0,"10":0,"11":1,"12":0,"13":0,"14":0,"15":0,"16":0,"17":1,"18":0,"19":0,"20":0,"21":0},"f":{"0":0,"1":0,"2":0,"3":0,"4":0,"5":0,"6":0,"7":0,"8":0},"b":{"0":[0,0],"1":[0,0],"2":[0,0],"3":[0,0],"4":[0,0]},"_coverageSchema":"1a1c01bbd47fc00a2c39e90264f33305004495a9","hash":"348816cbf3945dbb8d58355347a9a3bc4aa06b14"}
,"/Users/yejinlee/Project/mysql-server/src/app/controller/recommend.controller.js": {"path":"/Users/yejinlee/Project/mysql-server/src/app/controller/recommend.controller.js","statementMap":{"0":{"start":{"line":1,"column":11},"end":{"line":1,"column":39}},"1":{"start":{"line":2,"column":17},"end":{"line":2,"column":29}},"2":{"start":{"line":3,"column":11},"end":{"line":3,"column":34}},"3":{"start":{"line":6,"column":0},"end":{"line":45,"column":2}},"4":{"start":{"line":8,"column":4},"end":{"line":13,"column":5}},"5":{"start":{"line":9,"column":8},"end":{"line":11,"column":11}},"6":{"start":{"line":12,"column":8},"end":{"line":12,"column":15}},"7":{"start":{"line":14,"column":4},"end":{"line":19,"column":5}},"8":{"start":{"line":15,"column":8},"end":{"line":17,"column":11}},"9":{"start":{"line":18,"column":8},"end":{"line":18,"column":15}},"10":{"start":{"line":20,"column":4},"end":{"line":25,"column":5}},"11":{"start":{"line":21,"column":8},"end":{"line":23,"column":11}},"12":{"start":{"line":24,"column":8},"end":{"line":24,"column":15}},"13":{"start":{"line":28,"column":22},"end":{"line":32,"column":5}},"14":{"start":{"line":35,"column":4},"end":{"line":44,"column":11}},"15":{"start":{"line":38,"column":12},"end":{"line":38,"column":27}},"16":{"start":{"line":41,"column":12},"end":{"line":43,"column":15}},"17":{"start":{"line":48,"column":0},"end":{"line":62,"column":4}},"18":{"start":{"line":49,"column":18},"end":{"line":49,"column":33}},"19":{"start":{"line":50,"column":20},"end":{"line":50,"column":73}},"20":{"start":{"line":52,"column":4},"end":{"line":61,"column":9}},"21":{"start":{"line":54,"column":8},"end":{"line":54,"column":23}},"22":{"start":{"line":57,"column":8},"end":{"line":60,"column":11}},"23":{"start":{"line":64,"column":2},"end":{"line":75,"column":4}},"24":{"start":{"line":65,"column":4},"end":{"line":74,"column":9}},"25":{"start":{"line":67,"column":8},"end":{"line":67,"column":23}},"26":{"start":{"line":70,"column":8},"end":{"line":73,"column":11}}},"fnMap":{"0":{"name":"(anonymous_0)","decl":{"start":{"line":6,"column":17},"end":{"line":6,"column":18}},"loc":{"start":{"line":6,"column":31},"end":{"line":45,"column":1}},"line":6},"1":{"name":"(anonymous_1)","decl":{"start":{"line":37,"column":14},"end":{"line":37,"column":15}},"loc":{"start":{"line":37,"column":22},"end":{"line":39,"column":9}},"line":37},"2":{"name":"(anonymous_2)","decl":{"start":{"line":40,"column":15},"end":{"line":40,"column":16}},"loc":{"start":{"line":40,"column":22},"end":{"line":44,"column":9}},"line":40},"3":{"name":"(anonymous_3)","decl":{"start":{"line":48,"column":18},"end":{"line":48,"column":19}},"loc":{"start":{"line":48,"column":32},"end":{"line":62,"column":3}},"line":48},"4":{"name":"(anonymous_4)","decl":{"start":{"line":53,"column":12},"end":{"line":53,"column":13}},"loc":{"start":{"line":53,"column":20},"end":{"line":55,"column":7}},"line":53},"5":{"name":"(anonymous_5)","decl":{"start":{"line":56,"column":13},"end":{"line":56,"column":14}},"loc":{"start":{"line":56,"column":20},"end":{"line":61,"column":7}},"line":56},"6":{"name":"(anonymous_6)","decl":{"start":{"line":64,"column":27},"end":{"line":64,"column":28}},"loc":{"start":{"line":64,"column":41},"end":{"line":75,"column":3}},"line":64},"7":{"name":"(anonymous_7)","decl":{"start":{"line":66,"column":12},"end":{"line":66,"column":13}},"loc":{"start":{"line":66,"column":20},"end":{"line":68,"column":7}},"line":66},"8":{"name":"(anonymous_8)","decl":{"start":{"line":69,"column":13},"end":{"line":69,"column":14}},"loc":{"start":{"line":69,"column":20},"end":{"line":74,"column":7}},"line":69}},"branchMap":{"0":{"loc":{"start":{"line":8,"column":4},"end":{"line":13,"column":5}},"type":"if","locations":[{"start":{"line":8,"column":4},"end":{"line":13,"column":5}},{"start":{},"end":{}}],"line":8},"1":{"loc":{"start":{"line":14,"column":4},"end":{"line":19,"column":5}},"type":"if","locations":[{"start":{"line":14,"column":4},"end":{"line":19,"column":5}},{"start":{},"end":{}}],"line":14},"2":{"loc":{"start":{"line":20,"column":4},"end":{"line":25,"column":5}},"type":"if","locations":[{"start":{"line":20,"column":4},"end":{"line":25,"column":5}},{"start":{},"end":{}}],"line":20},"3":{"loc":{"start":{"line":42,"column":25},"end":{"line":42,"column":67}},"type":"binary-expr","locations":[{"start":{"line":42,"column":25},"end":{"line":42,"column":36}},{"start":{"line":42,"column":40},"end":{"line":42,"column":67}}],"line":42},"4":{"loc":{"start":{"line":50,"column":20},"end":{"line":50,"column":73}},"type":"cond-expr","locations":[{"start":{"line":50,"column":28},"end":{"line":50,"column":66}},{"start":{"line":50,"column":69},"end":{"line":50,"column":73}}],"line":50},"5":{"loc":{"start":{"line":59,"column":12},"end":{"line":59,"column":77}},"type":"binary-expr","locations":[{"start":{"line":59,"column":12},"end":{"line":59,"column":23}},{"start":{"line":59,"column":27},"end":{"line":59,"column":77}}],"line":59},"6":{"loc":{"start":{"line":72,"column":12},"end":{"line":72,"column":76}},"type":"binary-expr","locations":[{"start":{"line":72,"column":12},"end":{"line":72,"column":23}},{"start":{"line":72,"column":27},"end":{"line":72,"column":76}}],"line":72}},"s":{"0":1,"1":1,"2":1,"3":1,"4":0,"5":0,"6":0,"7":0,"8":0,"9":0,"10":0,"11":0,"12":0,"13":0,"14":0,"15":0,"16":0,"17":1,"18":0,"19":0,"20":0,"21":0,"22":0,"23":1,"24":0,"25":0,"26":0},"f":{"0":0,"1":0,"2":0,"3":0,"4":0,"5":0,"6":0,"7":0,"8":0},"b":{"0":[0,0],"1":[0,0],"2":[0,0],"3":[0,0],"4":[0,0],"5":[0,0],"6":[0,0]},"_coverageSchema":"1a1c01bbd47fc00a2c39e90264f33305004495a9","hash":"0f71caaa306e068b23487f84d0b1ab80b00ccb8f"}
,"/Users/yejinlee/Project/mysql-server/src/app/controller/remodeling.controller.js": {"path":"/Users/yejinlee/Project/mysql-server/src/app/controller/remodeling.controller.js","statementMap":{"0":{"start":{"line":1,"column":11},"end":{"line":1,"column":39}},"1":{"start":{"line":2,"column":19},"end":{"line":2,"column":32}},"2":{"start":{"line":3,"column":11},"end":{"line":3,"column":34}},"3":{"start":{"line":6,"column":23},"end":{"line":6,"column":40}},"4":{"start":{"line":8,"column":0},"end":{"line":32,"column":4}},"5":{"start":{"line":9,"column":15},"end":{"line":9,"column":28}},"6":{"start":{"line":10,"column":20},"end":{"line":10,"column":54}},"7":{"start":{"line":12,"column":4},"end":{"line":31,"column":9}},"8":{"start":{"line":24,"column":8},"end":{"line":24,"column":23}},"9":{"start":{"line":27,"column":8},"end":{"line":30,"column":11}},"10":{"start":{"line":33,"column":2},"end":{"line":57,"column":4}},"11":{"start":{"line":34,"column":15},"end":{"line":34,"column":28}},"12":{"start":{"line":35,"column":20},"end":{"line":35,"column":84}},"13":{"start":{"line":37,"column":4},"end":{"line":56,"column":9}},"14":{"start":{"line":49,"column":8},"end":{"line":49,"column":23}},"15":{"start":{"line":52,"column":8},"end":{"line":55,"column":11}}},"fnMap":{"0":{"name":"(anonymous_0)","decl":{"start":{"line":8,"column":18},"end":{"line":8,"column":19}},"loc":{"start":{"line":8,"column":32},"end":{"line":32,"column":3}},"line":8},"1":{"name":"(anonymous_1)","decl":{"start":{"line":23,"column":12},"end":{"line":23,"column":13}},"loc":{"start":{"line":23,"column":20},"end":{"line":25,"column":7}},"line":23},"2":{"name":"(anonymous_2)","decl":{"start":{"line":26,"column":13},"end":{"line":26,"column":14}},"loc":{"start":{"line":26,"column":20},"end":{"line":31,"column":7}},"line":26},"3":{"name":"(anonymous_3)","decl":{"start":{"line":33,"column":26},"end":{"line":33,"column":27}},"loc":{"start":{"line":33,"column":40},"end":{"line":57,"column":3}},"line":33},"4":{"name":"(anonymous_4)","decl":{"start":{"line":48,"column":12},"end":{"line":48,"column":13}},"loc":{"start":{"line":48,"column":20},"end":{"line":50,"column":7}},"line":48},"5":{"name":"(anonymous_5)","decl":{"start":{"line":51,"column":13},"end":{"line":51,"column":14}},"loc":{"start":{"line":51,"column":20},"end":{"line":56,"column":7}},"line":51}},"branchMap":{"0":{"loc":{"start":{"line":10,"column":20},"end":{"line":10,"column":54}},"type":"cond-expr","locations":[{"start":{"line":10,"column":25},"end":{"line":10,"column":35}},{"start":{"line":10,"column":38},"end":{"line":10,"column":54}}],"line":10},"1":{"loc":{"start":{"line":29,"column":12},"end":{"line":29,"column":77}},"type":"binary-expr","locations":[{"start":{"line":29,"column":12},"end":{"line":29,"column":23}},{"start":{"line":29,"column":27},"end":{"line":29,"column":77}}],"line":29},"2":{"loc":{"start":{"line":35,"column":20},"end":{"line":35,"column":84}},"type":"cond-expr","locations":[{"start":{"line":35,"column":25},"end":{"line":35,"column":77}},{"start":{"line":35,"column":80},"end":{"line":35,"column":84}}],"line":35},"3":{"loc":{"start":{"line":54,"column":12},"end":{"line":54,"column":77}},"type":"binary-expr","locations":[{"start":{"line":54,"column":12},"end":{"line":54,"column":23}},{"start":{"line":54,"column":27},"end":{"line":54,"column":77}}],"line":54}},"s":{"0":1,"1":1,"2":1,"3":1,"4":1,"5":0,"6":0,"7":0,"8":0,"9":0,"10":1,"11":0,"12":0,"13":0,"14":0,"15":0},"f":{"0":0,"1":0,"2":0,"3":0,"4":0,"5":0},"b":{"0":[0,0],"1":[0,0],"2":[0,0],"3":[0,0]},"_coverageSchema":"1a1c01bbd47fc00a2c39e90264f33305004495a9","hash":"57f4492172f3c98f5ad6d35ef899b773d1a318e0"}
,"/Users/yejinlee/Project/mysql-server/src/app/controller/review.controller.js": {"path":"/Users/yejinlee/Project/mysql-server/src/app/controller/review.controller.js","statementMap":{"0":{"start":{"line":1,"column":11},"end":{"line":1,"column":39}},"1":{"start":{"line":2,"column":15},"end":{"line":2,"column":44}},"2":{"start":{"line":3,"column":14},"end":{"line":3,"column":23}},"3":{"start":{"line":4,"column":11},"end":{"line":4,"column":34}},"4":{"start":{"line":7,"column":25},"end":{"line":7,"column":44}},"5":{"start":{"line":8,"column":15},"end":{"line":8,"column":24}},"6":{"start":{"line":9,"column":16},"end":{"line":9,"column":26}},"7":{"start":{"line":98,"column":2},"end":{"line":131,"column":4}},"8":{"start":{"line":99,"column":18},"end":{"line":99,"column":33}},"9":{"start":{"line":100,"column":20},"end":{"line":100,"column":73}},"10":{"start":{"line":102,"column":4},"end":{"line":130,"column":9}},"11":{"start":{"line":123,"column":8},"end":{"line":123,"column":23}},"12":{"start":{"line":126,"column":8},"end":{"line":129,"column":11}}},"fnMap":{"0":{"name":"(anonymous_0)","decl":{"start":{"line":98,"column":20},"end":{"line":98,"column":21}},"loc":{"start":{"line":98,"column":34},"end":{"line":131,"column":3}},"line":98},"1":{"name":"(anonymous_1)","decl":{"start":{"line":122,"column":12},"end":{"line":122,"column":13}},"loc":{"start":{"line":122,"column":20},"end":{"line":124,"column":7}},"line":122},"2":{"name":"(anonymous_2)","decl":{"start":{"line":125,"column":13},"end":{"line":125,"column":14}},"loc":{"start":{"line":125,"column":20},"end":{"line":130,"column":7}},"line":125}},"branchMap":{"0":{"loc":{"start":{"line":100,"column":20},"end":{"line":100,"column":73}},"type":"cond-expr","locations":[{"start":{"line":100,"column":28},"end":{"line":100,"column":66}},{"start":{"line":100,"column":69},"end":{"line":100,"column":73}}],"line":100},"1":{"loc":{"start":{"line":128,"column":12},"end":{"line":128,"column":77}},"type":"binary-expr","locations":[{"start":{"line":128,"column":12},"end":{"line":128,"column":23}},{"start":{"line":128,"column":27},"end":{"line":128,"column":77}}],"line":128}},"s":{"0":1,"1":1,"2":1,"3":1,"4":1,"5":1,"6":1,"7":1,"8":0,"9":0,"10":0,"11":0,"12":0},"f":{"0":0,"1":0,"2":0},"b":{"0":[0,0],"1":[0,0]},"_coverageSchema":"1a1c01bbd47fc00a2c39e90264f33305004495a9","hash":"743f95c6ec111e943e3e93d6a7f11e4153121ebc"}
,"/Users/yejinlee/Project/mysql-server/src/app/controller/tutorial.controller.js": {"path":"/Users/yejinlee/Project/mysql-server/src/app/controller/tutorial.controller.js","statementMap":{"0":{"start":{"line":1,"column":11},"end":{"line":1,"column":39}},"1":{"start":{"line":2,"column":17},"end":{"line":2,"column":28}},"2":{"start":{"line":3,"column":11},"end":{"line":3,"column":34}},"3":{"start":{"line":6,"column":0},"end":{"line":33,"column":2}},"4":{"start":{"line":8,"column":4},"end":{"line":13,"column":5}},"5":{"start":{"line":9,"column":8},"end":{"line":11,"column":11}},"6":{"start":{"line":12,"column":8},"end":{"line":12,"column":15}},"7":{"start":{"line":16,"column":21},"end":{"line":20,"column":5}},"8":{"start":{"line":23,"column":4},"end":{"line":32,"column":11}},"9":{"start":{"line":26,"column":12},"end":{"line":26,"column":27}},"10":{"start":{"line":29,"column":12},"end":{"line":31,"column":15}},"11":{"start":{"line":36,"column":0},"end":{"line":50,"column":4}},"12":{"start":{"line":37,"column":18},"end":{"line":37,"column":33}},"13":{"start":{"line":38,"column":20},"end":{"line":38,"column":73}},"14":{"start":{"line":40,"column":4},"end":{"line":49,"column":9}},"15":{"start":{"line":42,"column":8},"end":{"line":42,"column":23}},"16":{"start":{"line":45,"column":8},"end":{"line":48,"column":11}},"17":{"start":{"line":52,"column":2},"end":{"line":64,"column":4}},"18":{"start":{"line":53,"column":15},"end":{"line":53,"column":28}},"19":{"start":{"line":55,"column":4},"end":{"line":63,"column":9}},"20":{"start":{"line":57,"column":8},"end":{"line":57,"column":23}},"21":{"start":{"line":60,"column":8},"end":{"line":62,"column":11}},"22":{"start":{"line":67,"column":0},"end":{"line":92,"column":2}},"23":{"start":{"line":68,"column":15},"end":{"line":68,"column":28}},"24":{"start":{"line":69,"column":22},"end":{"line":69,"column":53}},"25":{"start":{"line":71,"column":4},"end":{"line":91,"column":11}},"26":{"start":{"line":77,"column":12},"end":{"line":85,"column":13}},"27":{"start":{"line":78,"column":16},"end":{"line":80,"column":19}},"28":{"start":{"line":82,"column":16},"end":{"line":84,"column":19}},"29":{"start":{"line":88,"column":12},"end":{"line":90,"column":15}},"30":{"start":{"line":95,"column":0},"end":{"line":117,"column":4}},"31":{"start":{"line":96,"column":15},"end":{"line":96,"column":28}},"32":{"start":{"line":98,"column":4},"end":{"line":116,"column":9}},"33":{"start":{"line":102,"column":8},"end":{"line":110,"column":9}},"34":{"start":{"line":103,"column":10},"end":{"line":105,"column":13}},"35":{"start":{"line":107,"column":10},"end":{"line":109,"column":13}},"36":{"start":{"line":113,"column":8},"end":{"line":115,"column":11}},"37":{"start":{"line":121,"column":0},"end":{"line":132,"column":4}},"38":{"start":{"line":122,"column":4},"end":{"line":131,"column":9}},"39":{"start":{"line":124,"column":8},"end":{"line":124,"column":23}},"40":{"start":{"line":127,"column":8},"end":{"line":130,"column":11}}},"fnMap":{"0":{"name":"(anonymous_0)","decl":{"start":{"line":6,"column":17},"end":{"line":6,"column":18}},"loc":{"start":{"line":6,"column":31},"end":{"line":33,"column":1}},"line":6},"1":{"name":"(anonymous_1)","decl":{"start":{"line":25,"column":14},"end":{"line":25,"column":15}},"loc":{"start":{"line":25,"column":22},"end":{"line":27,"column":9}},"line":25},"2":{"name":"(anonymous_2)","decl":{"start":{"line":28,"column":15},"end":{"line":28,"column":16}},"loc":{"start":{"line":28,"column":22},"end":{"line":32,"column":9}},"line":28},"3":{"name":"(anonymous_3)","decl":{"start":{"line":36,"column":18},"end":{"line":36,"column":19}},"loc":{"start":{"line":36,"column":32},"end":{"line":50,"column":3}},"line":36},"4":{"name":"(anonymous_4)","decl":{"start":{"line":41,"column":12},"end":{"line":41,"column":13}},"loc":{"start":{"line":41,"column":20},"end":{"line":43,"column":7}},"line":41},"5":{"name":"(anonymous_5)","decl":{"start":{"line":44,"column":13},"end":{"line":44,"column":14}},"loc":{"start":{"line":44,"column":20},"end":{"line":49,"column":7}},"line":44},"6":{"name":"(anonymous_6)","decl":{"start":{"line":52,"column":20},"end":{"line":52,"column":21}},"loc":{"start":{"line":52,"column":34},"end":{"line":64,"column":3}},"line":52},"7":{"name":"(anonymous_7)","decl":{"start":{"line":56,"column":12},"end":{"line":56,"column":13}},"loc":{"start":{"line":56,"column":20},"end":{"line":58,"column":7}},"line":56},"8":{"name":"(anonymous_8)","decl":{"start":{"line":59,"column":13},"end":{"line":59,"column":14}},"loc":{"start":{"line":59,"column":20},"end":{"line":63,"column":7}},"line":59},"9":{"name":"(anonymous_9)","decl":{"start":{"line":67,"column":17},"end":{"line":67,"column":18}},"loc":{"start":{"line":67,"column":31},"end":{"line":92,"column":1}},"line":67},"10":{"name":"(anonymous_10)","decl":{"start":{"line":76,"column":14},"end":{"line":76,"column":15}},"loc":{"start":{"line":76,"column":29},"end":{"line":86,"column":9}},"line":76},"11":{"name":"(anonymous_11)","decl":{"start":{"line":87,"column":15},"end":{"line":87,"column":16}},"loc":{"start":{"line":87,"column":22},"end":{"line":91,"column":9}},"line":87},"12":{"name":"(anonymous_12)","decl":{"start":{"line":95,"column":17},"end":{"line":95,"column":18}},"loc":{"start":{"line":95,"column":31},"end":{"line":117,"column":3}},"line":95},"13":{"name":"(anonymous_13)","decl":{"start":{"line":101,"column":12},"end":{"line":101,"column":13}},"loc":{"start":{"line":101,"column":19},"end":{"line":111,"column":7}},"line":101},"14":{"name":"(anonymous_14)","decl":{"start":{"line":112,"column":13},"end":{"line":112,"column":14}},"loc":{"start":{"line":112,"column":20},"end":{"line":116,"column":7}},"line":112},"15":{"name":"(anonymous_15)","decl":{"start":{"line":121,"column":27},"end":{"line":121,"column":28}},"loc":{"start":{"line":121,"column":41},"end":{"line":132,"column":3}},"line":121},"16":{"name":"(anonymous_16)","decl":{"start":{"line":123,"column":12},"end":{"line":123,"column":13}},"loc":{"start":{"line":123,"column":20},"end":{"line":125,"column":7}},"line":123},"17":{"name":"(anonymous_17)","decl":{"start":{"line":126,"column":13},"end":{"line":126,"column":14}},"loc":{"start":{"line":126,"column":20},"end":{"line":131,"column":7}},"line":126}},"branchMap":{"0":{"loc":{"start":{"line":8,"column":4},"end":{"line":13,"column":5}},"type":"if","locations":[{"start":{"line":8,"column":4},"end":{"line":13,"column":5}},{"start":{},"end":{}}],"line":8},"1":{"loc":{"start":{"line":19,"column":19},"end":{"line":19,"column":66}},"type":"cond-expr","locations":[{"start":{"line":19,"column":40},"end":{"line":19,"column":58}},{"start":{"line":19,"column":61},"end":{"line":19,"column":66}}],"line":19},"2":{"loc":{"start":{"line":30,"column":25},"end":{"line":30,"column":66}},"type":"binary-expr","locations":[{"start":{"line":30,"column":25},"end":{"line":30,"column":36}},{"start":{"line":30,"column":40},"end":{"line":30,"column":66}}],"line":30},"3":{"loc":{"start":{"line":38,"column":20},"end":{"line":38,"column":73}},"type":"cond-expr","locations":[{"start":{"line":38,"column":28},"end":{"line":38,"column":66}},{"start":{"line":38,"column":69},"end":{"line":38,"column":73}}],"line":38},"4":{"loc":{"start":{"line":47,"column":12},"end":{"line":47,"column":76}},"type":"binary-expr","locations":[{"start":{"line":47,"column":12},"end":{"line":47,"column":23}},{"start":{"line":47,"column":27},"end":{"line":47,"column":76}}],"line":47},"5":{"loc":{"start":{"line":69,"column":22},"end":{"line":69,"column":53}},"type":"cond-expr","locations":[{"start":{"line":69,"column":27},"end":{"line":69,"column":46}},{"start":{"line":69,"column":49},"end":{"line":69,"column":53}}],"line":69},"6":{"loc":{"start":{"line":77,"column":12},"end":{"line":85,"column":13}},"type":"if","locations":[{"start":{"line":77,"column":12},"end":{"line":85,"column":13}},{"start":{"line":81,"column":19},"end":{"line":85,"column":13}}],"line":77},"7":{"loc":{"start":{"line":89,"column":25},"end":{"line":89,"column":83}},"type":"binary-expr","locations":[{"start":{"line":89,"column":25},"end":{"line":89,"column":36}},{"start":{"line":89,"column":40},"end":{"line":89,"column":83}}],"line":89},"8":{"loc":{"start":{"line":102,"column":8},"end":{"line":110,"column":9}},"type":"if","locations":[{"start":{"line":102,"column":8},"end":{"line":110,"column":9}},{"start":{"line":106,"column":15},"end":{"line":110,"column":9}}],"line":102},"9":{"loc":{"start":{"line":129,"column":12},"end":{"line":129,"column":76}},"type":"binary-expr","locations":[{"start":{"line":129,"column":12},"end":{"line":129,"column":23}},{"start":{"line":129,"column":27},"end":{"line":129,"column":76}}],"line":129}},"s":{"0":1,"1":1,"2":1,"3":1,"4":0,"5":0,"6":0,"7":0,"8":0,"9":0,"10":0,"11":1,"12":0,"13":0,"14":0,"15":0,"16":0,"17":1,"18":0,"19":0,"20":0,"21":0,"22":1,"23":0,"24":0,"25":0,"26":0,"27":0,"28":0,"29":0,"30":1,"31":0,"32":0,"33":0,"34":0,"35":0,"36":0,"37":1,"38":0,"39":0,"40":0},"f":{"0":0,"1":0,"2":0,"3":0,"4":0,"5":0,"6":0,"7":0,"8":0,"9":0,"10":0,"11":0,"12":0,"13":0,"14":0,"15":0,"16":0,"17":0},"b":{"0":[0,0],"1":[0,0],"2":[0,0],"3":[0,0],"4":[0,0],"5":[0,0],"6":[0,0],"7":[0,0],"8":[0,0],"9":[0,0]},"_coverageSchema":"1a1c01bbd47fc00a2c39e90264f33305004495a9","hash":"c0f1e9d32f188d436b30559ff52bc6308ee79695"}
,"/Users/yejinlee/Project/mysql-server/src/app/controller/v1/auth.controller.js": {"path":"/Users/yejinlee/Project/mysql-server/src/app/controller/v1/auth.controller.js","statementMap":{"0":{"start":{"line":8,"column":14},"end":{"line":42,"column":1}},"1":{"start":{"line":9,"column":4},"end":{"line":41,"column":5}},"2":{"start":{"line":10,"column":22},"end":{"line":10,"column":36}},"3":{"start":{"line":11,"column":25},"end":{"line":11,"column":42}},"4":{"start":{"line":13,"column":21},"end":{"line":13,"column":54}},"5":{"start":{"line":15,"column":8},"end":{"line":17,"column":9}},"6":{"start":{"line":16,"column":12},"end":{"line":16,"column":60}},"7":{"start":{"line":20,"column":22},"end":{"line":20,"column":67}},"8":{"start":{"line":22,"column":8},"end":{"line":24,"column":9}},"9":{"start":{"line":23,"column":12},"end":{"line":23,"column":59}},"10":{"start":{"line":27,"column":24},"end":{"line":30,"column":9}},"11":{"start":{"line":32,"column":22},"end":{"line":34,"column":10}},"12":{"start":{"line":36,"column":8},"end":{"line":38,"column":10}},"13":{"start":{"line":40,"column":8},"end":{"line":40,"column":15}},"14":{"start":{"line":43,"column":18},"end":{"line":49,"column":3}},"15":{"start":{"line":44,"column":4},"end":{"line":48,"column":5}},"16":{"start":{"line":45,"column":6},"end":{"line":45,"column":36}},"17":{"start":{"line":47,"column":6},"end":{"line":47,"column":13}}},"fnMap":{"0":{"name":"(anonymous_0)","decl":{"start":{"line":8,"column":14},"end":{"line":8,"column":15}},"loc":{"start":{"line":8,"column":40},"end":{"line":42,"column":1}},"line":8},"1":{"name":"(anonymous_1)","decl":{"start":{"line":43,"column":18},"end":{"line":43,"column":19}},"loc":{"start":{"line":43,"column":44},"end":{"line":49,"column":3}},"line":43}},"branchMap":{"0":{"loc":{"start":{"line":15,"column":8},"end":{"line":17,"column":9}},"type":"if","locations":[{"start":{"line":15,"column":8},"end":{"line":17,"column":9}},{"start":{},"end":{}}],"line":15},"1":{"loc":{"start":{"line":22,"column":8},"end":{"line":24,"column":9}},"type":"if","locations":[{"start":{"line":22,"column":8},"end":{"line":24,"column":9}},{"start":{},"end":{}}],"line":22}},"s":{"0":1,"1":3,"2":3,"3":3,"4":3,"5":3,"6":1,"7":2,"8":2,"9":1,"10":1,"11":1,"12":1,"13":0,"14":1,"15":1,"16":1,"17":0},"f":{"0":3,"1":1},"b":{"0":[1,2],"1":[1,1]},"_coverageSchema":"1a1c01bbd47fc00a2c39e90264f33305004495a9","hash":"3c2ae3ecd33b9104c31d6ea84fe79b663a67c0bb"}
,"/Users/yejinlee/Project/mysql-server/src/app/controller/v1/company.controller.js": {"path":"/Users/yejinlee/Project/mysql-server/src/app/controller/v1/company.controller.js","statementMap":{"0":{"start":{"line":1,"column":11},"end":{"line":1,"column":42}},"1":{"start":{"line":2,"column":15},"end":{"line":2,"column":25}},"2":{"start":{"line":3,"column":11},"end":{"line":3,"column":34}},"3":{"start":{"line":6,"column":15},"end":{"line":6,"column":24}},"4":{"start":{"line":8,"column":0},"end":{"line":36,"column":4}},"5":{"start":{"line":9,"column":13},"end":{"line":9,"column":26}},"6":{"start":{"line":10,"column":20},"end":{"line":10,"column":50}},"7":{"start":{"line":12,"column":4},"end":{"line":34,"column":9}},"8":{"start":{"line":27,"column":8},"end":{"line":27,"column":23}},"9":{"start":{"line":30,"column":8},"end":{"line":33,"column":11}}},"fnMap":{"0":{"name":"(anonymous_0)","decl":{"start":{"line":8,"column":27},"end":{"line":8,"column":28}},"loc":{"start":{"line":8,"column":41},"end":{"line":36,"column":3}},"line":8},"1":{"name":"(anonymous_1)","decl":{"start":{"line":26,"column":12},"end":{"line":26,"column":13}},"loc":{"start":{"line":26,"column":20},"end":{"line":28,"column":7}},"line":26},"2":{"name":"(anonymous_2)","decl":{"start":{"line":29,"column":13},"end":{"line":29,"column":14}},"loc":{"start":{"line":29,"column":20},"end":{"line":34,"column":7}},"line":29}},"branchMap":{"0":{"loc":{"start":{"line":10,"column":20},"end":{"line":10,"column":50}},"type":"cond-expr","locations":[{"start":{"line":10,"column":25},"end":{"line":10,"column":34}},{"start":{"line":10,"column":37},"end":{"line":10,"column":50}}],"line":10},"1":{"loc":{"start":{"line":32,"column":12},"end":{"line":32,"column":77}},"type":"binary-expr","locations":[{"start":{"line":32,"column":12},"end":{"line":32,"column":23}},{"start":{"line":32,"column":27},"end":{"line":32,"column":77}}],"line":32}},"s":{"0":1,"1":1,"2":1,"3":1,"4":1,"5":0,"6":0,"7":0,"8":0,"9":0},"f":{"0":0,"1":0,"2":0},"b":{"0":[0,0],"1":[0,0]},"_coverageSchema":"1a1c01bbd47fc00a2c39e90264f33305004495a9","hash":"168a38b0d94aef073420b30c5f9895baafe0869e"}
,"/Users/yejinlee/Project/mysql-server/src/app/controller/v1/user.controller.js": {"path":"/Users/yejinlee/Project/mysql-server/src/app/controller/v1/user.controller.js","statementMap":{"0":{"start":{"line":5,"column":12},"end":{"line":25,"column":1}},"1":{"start":{"line":6,"column":2},"end":{"line":24,"column":3}},"2":{"start":{"line":7,"column":4},"end":{"line":21,"column":5}},"3":{"start":{"line":8,"column":19},"end":{"line":8,"column":55}},"4":{"start":{"line":10,"column":6},"end":{"line":12,"column":7}},"5":{"start":{"line":11,"column":8},"end":{"line":11,"column":68}},"6":{"start":{"line":14,"column":6},"end":{"line":16,"column":27}},"7":{"start":{"line":18,"column":20},"end":{"line":18,"column":40}},"8":{"start":{"line":20,"column":6},"end":{"line":20,"column":54}},"9":{"start":{"line":20,"column":40},"end":{"line":20,"column":52}},"10":{"start":{"line":23,"column":4},"end":{"line":23,"column":11}}},"fnMap":{"0":{"name":"(anonymous_0)","decl":{"start":{"line":5,"column":12},"end":{"line":5,"column":13}},"loc":{"start":{"line":5,"column":38},"end":{"line":25,"column":1}},"line":5},"1":{"name":"(anonymous_1)","decl":{"start":{"line":20,"column":32},"end":{"line":20,"column":33}},"loc":{"start":{"line":20,"column":40},"end":{"line":20,"column":52}},"line":20}},"branchMap":{"0":{"loc":{"start":{"line":7,"column":4},"end":{"line":21,"column":5}},"type":"if","locations":[{"start":{"line":7,"column":4},"end":{"line":21,"column":5}},{"start":{"line":17,"column":11},"end":{"line":21,"column":5}}],"line":7},"1":{"loc":{"start":{"line":10,"column":6},"end":{"line":12,"column":7}},"type":"if","locations":[{"start":{"line":10,"column":6},"end":{"line":12,"column":7}},{"start":{},"end":{}}],"line":10}},"s":{"0":1,"1":0,"2":0,"3":0,"4":0,"5":0,"6":0,"7":0,"8":0,"9":0,"10":0},"f":{"0":0,"1":0},"b":{"0":[0,0],"1":[0,0]},"_coverageSchema":"1a1c01bbd47fc00a2c39e90264f33305004495a9","hash":"aad2538a1e12fb320bd8b52db384d34a4d7373f7"}
,"/Users/yejinlee/Project/mysql-server/src/app/middleware/jwt.middleware.js": {"path":"/Users/yejinlee/Project/mysql-server/src/app/middleware/jwt.middleware.js","statementMap":{"0":{"start":{"line":6,"column":2},"end":{"line":34,"column":3}},"1":{"start":{"line":7,"column":4},"end":{"line":7,"column":19}},"2":{"start":{"line":9,"column":4},"end":{"line":29,"column":5}},"3":{"start":{"line":11,"column":6},"end":{"line":20,"column":10}},"4":{"start":{"line":15,"column":10},"end":{"line":17,"column":11}},"5":{"start":{"line":16,"column":12},"end":{"line":16,"column":62}},"6":{"start":{"line":19,"column":10},"end":{"line":19,"column":29}},"7":{"start":{"line":22,"column":19},"end":{"line":22,"column":44}},"8":{"start":{"line":24,"column":6},"end":{"line":26,"column":7}},"9":{"start":{"line":25,"column":8},"end":{"line":25,"column":56}},"10":{"start":{"line":28,"column":6},"end":{"line":28,"column":21}},"11":{"start":{"line":31,"column":4},"end":{"line":31,"column":10}},"12":{"start":{"line":33,"column":4},"end":{"line":33,"column":11}}},"fnMap":{"0":{"name":"(anonymous_0)","decl":{"start":{"line":5,"column":15},"end":{"line":5,"column":16}},"loc":{"start":{"line":5,"column":41},"end":{"line":35,"column":1}},"line":5},"1":{"name":"(anonymous_1)","decl":{"start":{"line":14,"column":8},"end":{"line":14,"column":9}},"loc":{"start":{"line":14,"column":26},"end":{"line":20,"column":9}},"line":14}},"branchMap":{"0":{"loc":{"start":{"line":9,"column":4},"end":{"line":29,"column":5}},"type":"if","locations":[{"start":{"line":9,"column":4},"end":{"line":29,"column":5}},{"start":{},"end":{}}],"line":9},"1":{"loc":{"start":{"line":15,"column":10},"end":{"line":17,"column":11}},"type":"if","locations":[{"start":{"line":15,"column":10},"end":{"line":17,"column":11}},{"start":{},"end":{}}],"line":15},"2":{"loc":{"start":{"line":24,"column":6},"end":{"line":26,"column":7}},"type":"if","locations":[{"start":{"line":24,"column":6},"end":{"line":26,"column":7}},{"start":{},"end":{}}],"line":24}},"s":{"0":4,"1":4,"2":4,"3":1,"4":1,"5":0,"6":1,"7":1,"8":1,"9":0,"10":1,"11":4,"12":0},"f":{"0":4,"1":1},"b":{"0":[1,3],"1":[0,1],"2":[0,1]},"_coverageSchema":"1a1c01bbd47fc00a2c39e90264f33305004495a9","hash":"a18310d6861d1eb7aa88657f99b913af2822874a"}
,"/Users/yejinlee/Project/mysql-server/src/app/model/ACCESS.js": {"path":"/Users/yejinlee/Project/mysql-server/src/app/model/ACCESS.js","statementMap":{"0":{"start":{"line":1,"column":18},"end":{"line":1,"column":38}},"1":{"start":{"line":2,"column":0},"end":{"line":34,"column":2}},"2":{"start":{"line":3,"column":2},"end":{"line":33,"column":5}}},"fnMap":{"0":{"name":"(anonymous_0)","decl":{"start":{"line":2,"column":17},"end":{"line":2,"column":18}},"loc":{"start":{"line":2,"column":48},"end":{"line":34,"column":1}},"line":2}},"branchMap":{},"s":{"0":1,"1":1,"2":3},"f":{"0":3},"b":{},"_coverageSchema":"1a1c01bbd47fc00a2c39e90264f33305004495a9","hash":"4e27c317ca53180ce606a480442ededb2d54bce3"}
,"/Users/yejinlee/Project/mysql-server/src/app/model/ALERT.js": {"path":"/Users/yejinlee/Project/mysql-server/src/app/model/ALERT.js","statementMap":{"0":{"start":{"line":1,"column":18},"end":{"line":1,"column":38}},"1":{"start":{"line":2,"column":0},"end":{"line":29,"column":2}},"2":{"start":{"line":3,"column":2},"end":{"line":28,"column":5}}},"fnMap":{"0":{"name":"(anonymous_0)","decl":{"start":{"line":2,"column":17},"end":{"line":2,"column":18}},"loc":{"start":{"line":2,"column":48},"end":{"line":29,"column":1}},"line":2}},"branchMap":{},"s":{"0":1,"1":1,"2":3},"f":{"0":3},"b":{},"_coverageSchema":"1a1c01bbd47fc00a2c39e90264f33305004495a9","hash":"8861695130612122e48fd1b706e11cb8a530b063"}
,"/Users/yejinlee/Project/mysql-server/src/app/model/BANNER.js": {"path":"/Users/yejinlee/Project/mysql-server/src/app/model/BANNER.js","statementMap":{"0":{"start":{"line":1,"column":18},"end":{"line":1,"column":38}},"1":{"start":{"line":2,"column":0},"end":{"line":33,"column":2}},"2":{"start":{"line":3,"column":2},"end":{"line":32,"column":5}}},"fnMap":{"0":{"name":"(anonymous_0)","decl":{"start":{"line":2,"column":17},"end":{"line":2,"column":18}},"loc":{"start":{"line":2,"column":48},"end":{"line":33,"column":1}},"line":2}},"branchMap":{},"s":{"0":1,"1":1,"2":3},"f":{"0":3},"b":{},"_coverageSchema":"1a1c01bbd47fc00a2c39e90264f33305004495a9","hash":"e5515957e34f4e56bca402207fbb0c325477ffa8"}
,"/Users/yejinlee/Project/mysql-server/src/app/model/BANNER_IMG.js": {"path":"/Users/yejinlee/Project/mysql-server/src/app/model/BANNER_IMG.js","statementMap":{"0":{"start":{"line":1,"column":18},"end":{"line":1,"column":38}},"1":{"start":{"line":2,"column":0},"end":{"line":28,"column":2}},"2":{"start":{"line":3,"column":2},"end":{"line":27,"column":5}}},"fnMap":{"0":{"name":"(anonymous_0)","decl":{"start":{"line":2,"column":17},"end":{"line":2,"column":18}},"loc":{"start":{"line":2,"column":48},"end":{"line":28,"column":1}},"line":2}},"branchMap":{},"s":{"0":1,"1":1,"2":3},"f":{"0":3},"b":{},"_coverageSchema":"1a1c01bbd47fc00a2c39e90264f33305004495a9","hash":"4f8d901ade9e01e39eec69427b580c3ea6ef9df1"}
,"/Users/yejinlee/Project/mysql-server/src/app/model/BUILDING.js": {"path":"/Users/yejinlee/Project/mysql-server/src/app/model/BUILDING.js","statementMap":{"0":{"start":{"line":1,"column":18},"end":{"line":1,"column":38}},"1":{"start":{"line":2,"column":0},"end":{"line":52,"column":2}},"2":{"start":{"line":3,"column":2},"end":{"line":51,"column":5}}},"fnMap":{"0":{"name":"(anonymous_0)","decl":{"start":{"line":2,"column":17},"end":{"line":2,"column":18}},"loc":{"start":{"line":2,"column":48},"end":{"line":52,"column":1}},"line":2}},"branchMap":{},"s":{"0":1,"1":1,"2":3},"f":{"0":3},"b":{},"_coverageSchema":"1a1c01bbd47fc00a2c39e90264f33305004495a9","hash":"a66ae21433f0ffbc085133028d8e34f69a955fc9"}
,"/Users/yejinlee/Project/mysql-server/src/app/model/BUSINESS_LICENSE.js": {"path":"/Users/yejinlee/Project/mysql-server/src/app/model/BUSINESS_LICENSE.js","statementMap":{"0":{"start":{"line":1,"column":18},"end":{"line":1,"column":38}},"1":{"start":{"line":2,"column":0},"end":{"line":42,"column":2}},"2":{"start":{"line":3,"column":2},"end":{"line":41,"column":5}}},"fnMap":{"0":{"name":"(anonymous_0)","decl":{"start":{"line":2,"column":17},"end":{"line":2,"column":18}},"loc":{"start":{"line":2,"column":48},"end":{"line":42,"column":1}},"line":2}},"branchMap":{},"s":{"0":1,"1":1,"2":3},"f":{"0":3},"b":{},"_coverageSchema":"1a1c01bbd47fc00a2c39e90264f33305004495a9","hash":"4eb9e7c8ee588977e380272d497f9b18c882df81"}
,"/Users/yejinlee/Project/mysql-server/src/app/model/CERTIFICATE.js": {"path":"/Users/yejinlee/Project/mysql-server/src/app/model/CERTIFICATE.js","statementMap":{"0":{"start":{"line":1,"column":18},"end":{"line":1,"column":38}},"1":{"start":{"line":2,"column":0},"end":{"line":29,"column":2}},"2":{"start":{"line":3,"column":2},"end":{"line":28,"column":5}}},"fnMap":{"0":{"name":"(anonymous_0)","decl":{"start":{"line":2,"column":17},"end":{"line":2,"column":18}},"loc":{"start":{"line":2,"column":48},"end":{"line":29,"column":1}},"line":2}},"branchMap":{},"s":{"0":1,"1":1,"2":3},"f":{"0":3},"b":{},"_coverageSchema":"1a1c01bbd47fc00a2c39e90264f33305004495a9","hash":"d8996d26e15c7c8f1a7b6a3cb1eb68a9f0aff36a"}
,"/Users/yejinlee/Project/mysql-server/src/app/model/COMPANY_ABILITIES.js": {"path":"/Users/yejinlee/Project/mysql-server/src/app/model/COMPANY_ABILITIES.js","statementMap":{"0":{"start":{"line":1,"column":18},"end":{"line":1,"column":38}},"1":{"start":{"line":2,"column":0},"end":{"line":29,"column":2}},"2":{"start":{"line":3,"column":2},"end":{"line":28,"column":5}}},"fnMap":{"0":{"name":"(anonymous_0)","decl":{"start":{"line":2,"column":17},"end":{"line":2,"column":18}},"loc":{"start":{"line":2,"column":48},"end":{"line":29,"column":1}},"line":2}},"branchMap":{},"s":{"0":1,"1":1,"2":3},"f":{"0":3},"b":{},"_coverageSchema":"1a1c01bbd47fc00a2c39e90264f33305004495a9","hash":"996bfe95e6780a2093f1f5fbd510b6c074906522"}
,"/Users/yejinlee/Project/mysql-server/src/app/model/COMPANY_CERTIFICATE.js": {"path":"/Users/yejinlee/Project/mysql-server/src/app/model/COMPANY_CERTIFICATE.js","statementMap":{"0":{"start":{"line":1,"column":18},"end":{"line":1,"column":38}},"1":{"start":{"line":2,"column":0},"end":{"line":49,"column":2}},"2":{"start":{"line":3,"column":2},"end":{"line":48,"column":5}}},"fnMap":{"0":{"name":"(anonymous_0)","decl":{"start":{"line":2,"column":17},"end":{"line":2,"column":18}},"loc":{"start":{"line":2,"column":48},"end":{"line":49,"column":1}},"line":2}},"branchMap":{},"s":{"0":1,"1":1,"2":3},"f":{"0":3},"b":{},"_coverageSchema":"1a1c01bbd47fc00a2c39e90264f33305004495a9","hash":"36a616b75f3cab555b8bf6422d498d0412c816c7"}
,"/Users/yejinlee/Project/mysql-server/src/app/model/COUPON.js": {"path":"/Users/yejinlee/Project/mysql-server/src/app/model/COUPON.js","statementMap":{"0":{"start":{"line":1,"column":18},"end":{"line":1,"column":38}},"1":{"start":{"line":2,"column":0},"end":{"line":48,"column":2}},"2":{"start":{"line":3,"column":2},"end":{"line":47,"column":5}}},"fnMap":{"0":{"name":"(anonymous_0)","decl":{"start":{"line":2,"column":17},"end":{"line":2,"column":18}},"loc":{"start":{"line":2,"column":48},"end":{"line":48,"column":1}},"line":2}},"branchMap":{},"s":{"0":1,"1":1,"2":3},"f":{"0":3},"b":{},"_coverageSchema":"1a1c01bbd47fc00a2c39e90264f33305004495a9","hash":"32cf0ea7fd21683c8492cf349c213af36cfc28d1"}
,"/Users/yejinlee/Project/mysql-server/src/app/model/ISSUED_COUPON.js": {"path":"/Users/yejinlee/Project/mysql-server/src/app/model/ISSUED_COUPON.js","statementMap":{"0":{"start":{"line":1,"column":18},"end":{"line":1,"column":38}},"1":{"start":{"line":2,"column":0},"end":{"line":45,"column":2}},"2":{"start":{"line":3,"column":2},"end":{"line":44,"column":5}}},"fnMap":{"0":{"name":"(anonymous_0)","decl":{"start":{"line":2,"column":17},"end":{"line":2,"column":18}},"loc":{"start":{"line":2,"column":48},"end":{"line":45,"column":1}},"line":2}},"branchMap":{},"s":{"0":1,"1":1,"2":3},"f":{"0":3},"b":{},"_coverageSchema":"1a1c01bbd47fc00a2c39e90264f33305004495a9","hash":"851ba5c78d268837a9c72ba0f74450517d13ba4e"}
,"/Users/yejinlee/Project/mysql-server/src/app/model/KEYWORD.js": {"path":"/Users/yejinlee/Project/mysql-server/src/app/model/KEYWORD.js","statementMap":{"0":{"start":{"line":1,"column":18},"end":{"line":1,"column":38}},"1":{"start":{"line":2,"column":0},"end":{"line":29,"column":2}},"2":{"start":{"line":3,"column":2},"end":{"line":28,"column":5}}},"fnMap":{"0":{"name":"(anonymous_0)","decl":{"start":{"line":2,"column":17},"end":{"line":2,"column":18}},"loc":{"start":{"line":2,"column":48},"end":{"line":29,"column":1}},"line":2}},"branchMap":{},"s":{"0":1,"1":1,"2":3},"f":{"0":3},"b":{},"_coverageSchema":"1a1c01bbd47fc00a2c39e90264f33305004495a9","hash":"2bb50e541cedff7c879a253ba7d72f79114cb76b"}
,"/Users/yejinlee/Project/mysql-server/src/app/model/KEYWORD_ASSIGNED.js": {"path":"/Users/yejinlee/Project/mysql-server/src/app/model/KEYWORD_ASSIGNED.js","statementMap":{"0":{"start":{"line":1,"column":18},"end":{"line":1,"column":38}},"1":{"start":{"line":2,"column":0},"end":{"line":17,"column":2}},"2":{"start":{"line":3,"column":2},"end":{"line":16,"column":5}}},"fnMap":{"0":{"name":"(anonymous_0)","decl":{"start":{"line":2,"column":17},"end":{"line":2,"column":18}},"loc":{"start":{"line":2,"column":48},"end":{"line":17,"column":1}},"line":2}},"branchMap":{},"s":{"0":1,"1":1,"2":3},"f":{"0":3},"b":{},"_coverageSchema":"1a1c01bbd47fc00a2c39e90264f33305004495a9","hash":"a049e26e1709c5bf40b2a3ab53b08a913090c534"}
,"/Users/yejinlee/Project/mysql-server/src/app/model/POPULAR_AREA.js": {"path":"/Users/yejinlee/Project/mysql-server/src/app/model/POPULAR_AREA.js","statementMap":{"0":{"start":{"line":1,"column":18},"end":{"line":1,"column":38}},"1":{"start":{"line":2,"column":0},"end":{"line":28,"column":2}},"2":{"start":{"line":3,"column":2},"end":{"line":27,"column":5}}},"fnMap":{"0":{"name":"(anonymous_0)","decl":{"start":{"line":2,"column":17},"end":{"line":2,"column":18}},"loc":{"start":{"line":2,"column":48},"end":{"line":28,"column":1}},"line":2}},"branchMap":{},"s":{"0":1,"1":1,"2":3},"f":{"0":3},"b":{},"_coverageSchema":"1a1c01bbd47fc00a2c39e90264f33305004495a9","hash":"e3830204e5fac02b522a95b52347b0512267ac55"}
,"/Users/yejinlee/Project/mysql-server/src/app/model/REMODELING_APPLY_DIV2.js": {"path":"/Users/yejinlee/Project/mysql-server/src/app/model/REMODELING_APPLY_DIV2.js","statementMap":{"0":{"start":{"line":1,"column":18},"end":{"line":1,"column":38}},"1":{"start":{"line":2,"column":0},"end":{"line":17,"column":2}},"2":{"start":{"line":3,"column":2},"end":{"line":16,"column":5}}},"fnMap":{"0":{"name":"(anonymous_0)","decl":{"start":{"line":2,"column":17},"end":{"line":2,"column":18}},"loc":{"start":{"line":2,"column":48},"end":{"line":17,"column":1}},"line":2}},"branchMap":{},"s":{"0":1,"1":1,"2":3},"f":{"0":3},"b":{},"_coverageSchema":"1a1c01bbd47fc00a2c39e90264f33305004495a9","hash":"83530eca6e049022a494f26e426093f6bb2034ff"}
,"/Users/yejinlee/Project/mysql-server/src/app/model/REMODELINGs.js": {"path":"/Users/yejinlee/Project/mysql-server/src/app/model/REMODELINGs.js","statementMap":{"0":{"start":{"line":1,"column":18},"end":{"line":1,"column":38}},"1":{"start":{"line":2,"column":0},"end":{"line":29,"column":2}},"2":{"start":{"line":3,"column":2},"end":{"line":28,"column":5}}},"fnMap":{"0":{"name":"(anonymous_0)","decl":{"start":{"line":2,"column":17},"end":{"line":2,"column":18}},"loc":{"start":{"line":2,"column":48},"end":{"line":29,"column":1}},"line":2}},"branchMap":{},"s":{"0":1,"1":1,"2":3},"f":{"0":3},"b":{},"_coverageSchema":"1a1c01bbd47fc00a2c39e90264f33305004495a9","hash":"2b5fdf483bbb04c879bb117afa8c86e8342284db"}
,"/Users/yejinlee/Project/mysql-server/src/app/model/RESIDENT.js": {"path":"/Users/yejinlee/Project/mysql-server/src/app/model/RESIDENT.js","statementMap":{"0":{"start":{"line":1,"column":18},"end":{"line":1,"column":38}},"1":{"start":{"line":2,"column":0},"end":{"line":29,"column":2}},"2":{"start":{"line":3,"column":2},"end":{"line":28,"column":5}}},"fnMap":{"0":{"name":"(anonymous_0)","decl":{"start":{"line":2,"column":17},"end":{"line":2,"column":18}},"loc":{"start":{"line":2,"column":48},"end":{"line":29,"column":1}},"line":2}},"branchMap":{},"s":{"0":1,"1":1,"2":3},"f":{"0":3},"b":{},"_coverageSchema":"1a1c01bbd47fc00a2c39e90264f33305004495a9","hash":"e10f4838ce8670c0474aac45d11a793e0d9c50e2"}
,"/Users/yejinlee/Project/mysql-server/src/app/model/RMDL_DIV1.js": {"path":"/Users/yejinlee/Project/mysql-server/src/app/model/RMDL_DIV1.js","statementMap":{"0":{"start":{"line":1,"column":18},"end":{"line":1,"column":38}},"1":{"start":{"line":2,"column":0},"end":{"line":29,"column":2}},"2":{"start":{"line":3,"column":2},"end":{"line":28,"column":5}}},"fnMap":{"0":{"name":"(anonymous_0)","decl":{"start":{"line":2,"column":17},"end":{"line":2,"column":18}},"loc":{"start":{"line":2,"column":48},"end":{"line":29,"column":1}},"line":2}},"branchMap":{},"s":{"0":1,"1":1,"2":3},"f":{"0":3},"b":{},"_coverageSchema":"1a1c01bbd47fc00a2c39e90264f33305004495a9","hash":"0b4a7e0953130178f23c8b6ea055000e9cec47e7"}
,"/Users/yejinlee/Project/mysql-server/src/app/model/RMDL_DIV2.js": {"path":"/Users/yejinlee/Project/mysql-server/src/app/model/RMDL_DIV2.js","statementMap":{"0":{"start":{"line":1,"column":18},"end":{"line":1,"column":38}},"1":{"start":{"line":2,"column":0},"end":{"line":33,"column":2}},"2":{"start":{"line":3,"column":2},"end":{"line":32,"column":5}}},"fnMap":{"0":{"name":"(anonymous_0)","decl":{"start":{"line":2,"column":17},"end":{"line":2,"column":18}},"loc":{"start":{"line":2,"column":48},"end":{"line":33,"column":1}},"line":2}},"branchMap":{},"s":{"0":1,"1":1,"2":3},"f":{"0":3},"b":{},"_coverageSchema":"1a1c01bbd47fc00a2c39e90264f33305004495a9","hash":"887526f1ac0dc1fcaf63d8c2cde8efd104abbfaf"}
,"/Users/yejinlee/Project/mysql-server/src/app/model/ROOT_AREA.js": {"path":"/Users/yejinlee/Project/mysql-server/src/app/model/ROOT_AREA.js","statementMap":{"0":{"start":{"line":1,"column":18},"end":{"line":1,"column":38}},"1":{"start":{"line":2,"column":0},"end":{"line":17,"column":2}},"2":{"start":{"line":3,"column":2},"end":{"line":16,"column":5}}},"fnMap":{"0":{"name":"(anonymous_0)","decl":{"start":{"line":2,"column":17},"end":{"line":2,"column":18}},"loc":{"start":{"line":2,"column":48},"end":{"line":17,"column":1}},"line":2}},"branchMap":{},"s":{"0":1,"1":1,"2":3},"f":{"0":3},"b":{},"_coverageSchema":"1a1c01bbd47fc00a2c39e90264f33305004495a9","hash":"92704334e5a4aec717fddda6e4b035a202198474"}
,"/Users/yejinlee/Project/mysql-server/src/app/model/SECOND_AREA.js": {"path":"/Users/yejinlee/Project/mysql-server/src/app/model/SECOND_AREA.js","statementMap":{"0":{"start":{"line":1,"column":18},"end":{"line":1,"column":38}},"1":{"start":{"line":2,"column":0},"end":{"line":33,"column":2}},"2":{"start":{"line":3,"column":2},"end":{"line":32,"column":5}}},"fnMap":{"0":{"name":"(anonymous_0)","decl":{"start":{"line":2,"column":17},"end":{"line":2,"column":18}},"loc":{"start":{"line":2,"column":48},"end":{"line":33,"column":1}},"line":2}},"branchMap":{},"s":{"0":1,"1":1,"2":3},"f":{"0":3},"b":{},"_coverageSchema":"1a1c01bbd47fc00a2c39e90264f33305004495a9","hash":"7998e041ffff2da4e1a30c92548337e8d50cc349"}
,"/Users/yejinlee/Project/mysql-server/src/app/model/SPECIALIZED.js": {"path":"/Users/yejinlee/Project/mysql-server/src/app/model/SPECIALIZED.js","statementMap":{"0":{"start":{"line":1,"column":18},"end":{"line":1,"column":38}},"1":{"start":{"line":2,"column":0},"end":{"line":17,"column":2}},"2":{"start":{"line":3,"column":2},"end":{"line":16,"column":5}}},"fnMap":{"0":{"name":"(anonymous_0)","decl":{"start":{"line":2,"column":17},"end":{"line":2,"column":18}},"loc":{"start":{"line":2,"column":48},"end":{"line":17,"column":1}},"line":2}},"branchMap":{},"s":{"0":1,"1":1,"2":3},"f":{"0":3},"b":{},"_coverageSchema":"1a1c01bbd47fc00a2c39e90264f33305004495a9","hash":"3a36b3eca013d2e17d7fa88e3a5acbd78a8d02fe"}
,"/Users/yejinlee/Project/mysql-server/src/app/model/SequelizeMeta.js": {"path":"/Users/yejinlee/Project/mysql-server/src/app/model/SequelizeMeta.js","statementMap":{"0":{"start":{"line":1,"column":18},"end":{"line":1,"column":38}},"1":{"start":{"line":2,"column":0},"end":{"line":32,"column":2}},"2":{"start":{"line":3,"column":2},"end":{"line":31,"column":5}}},"fnMap":{"0":{"name":"(anonymous_0)","decl":{"start":{"line":2,"column":17},"end":{"line":2,"column":18}},"loc":{"start":{"line":2,"column":48},"end":{"line":32,"column":1}},"line":2}},"branchMap":{},"s":{"0":1,"1":1,"2":3},"f":{"0":3},"b":{},"_coverageSchema":"1a1c01bbd47fc00a2c39e90264f33305004495a9","hash":"4f7a04194ea94ed8542e60dce4234db748440c80"}
,"/Users/yejinlee/Project/mysql-server/src/app/model/THEME.js": {"path":"/Users/yejinlee/Project/mysql-server/src/app/model/THEME.js","statementMap":{"0":{"start":{"line":1,"column":18},"end":{"line":1,"column":38}},"1":{"start":{"line":2,"column":0},"end":{"line":34,"column":2}},"2":{"start":{"line":3,"column":2},"end":{"line":33,"column":5}}},"fnMap":{"0":{"name":"(anonymous_0)","decl":{"start":{"line":2,"column":17},"end":{"line":2,"column":18}},"loc":{"start":{"line":2,"column":48},"end":{"line":34,"column":1}},"line":2}},"branchMap":{},"s":{"0":1,"1":1,"2":3},"f":{"0":3},"b":{},"_coverageSchema":"1a1c01bbd47fc00a2c39e90264f33305004495a9","hash":"b429f990ba7b2e430d16fa2dae6af401f8d925fe"}
,"/Users/yejinlee/Project/mysql-server/src/app/model/THEME_ASSIGNED.js": {"path":"/Users/yejinlee/Project/mysql-server/src/app/model/THEME_ASSIGNED.js","statementMap":{"0":{"start":{"line":1,"column":18},"end":{"line":1,"column":38}},"1":{"start":{"line":2,"column":0},"end":{"line":22,"column":2}},"2":{"start":{"line":3,"column":2},"end":{"line":21,"column":5}}},"fnMap":{"0":{"name":"(anonymous_0)","decl":{"start":{"line":2,"column":17},"end":{"line":2,"column":18}},"loc":{"start":{"line":2,"column":48},"end":{"line":22,"column":1}},"line":2}},"branchMap":{},"s":{"0":1,"1":1,"2":3},"f":{"0":3},"b":{},"_coverageSchema":"1a1c01bbd47fc00a2c39e90264f33305004495a9","hash":"99ba68f62303f5bc35be578296d09c8cc1e157d1"}
,"/Users/yejinlee/Project/mysql-server/src/app/model/USER_HASH.js": {"path":"/Users/yejinlee/Project/mysql-server/src/app/model/USER_HASH.js","statementMap":{"0":{"start":{"line":1,"column":18},"end":{"line":1,"column":38}},"1":{"start":{"line":2,"column":0},"end":{"line":32,"column":2}},"2":{"start":{"line":3,"column":2},"end":{"line":31,"column":5}}},"fnMap":{"0":{"name":"(anonymous_0)","decl":{"start":{"line":2,"column":17},"end":{"line":2,"column":18}},"loc":{"start":{"line":2,"column":48},"end":{"line":32,"column":1}},"line":2}},"branchMap":{},"s":{"0":1,"1":1,"2":3},"f":{"0":3},"b":{},"_coverageSchema":"1a1c01bbd47fc00a2c39e90264f33305004495a9","hash":"01c226c0be18af6aad11f63e01bb8033c5772c9e"}
,"/Users/yejinlee/Project/mysql-server/src/app/model/VALID_BUSINESS_LICENSE.js": {"path":"/Users/yejinlee/Project/mysql-server/src/app/model/VALID_BUSINESS_LICENSE.js","statementMap":{"0":{"start":{"line":1,"column":18},"end":{"line":1,"column":38}},"1":{"start":{"line":2,"column":0},"end":{"line":29,"column":2}},"2":{"start":{"line":3,"column":2},"end":{"line":28,"column":5}}},"fnMap":{"0":{"name":"(anonymous_0)","decl":{"start":{"line":2,"column":17},"end":{"line":2,"column":18}},"loc":{"start":{"line":2,"column":48},"end":{"line":29,"column":1}},"line":2}},"branchMap":{},"s":{"0":1,"1":1,"2":3},"f":{"0":3},"b":{},"_coverageSchema":"1a1c01bbd47fc00a2c39e90264f33305004495a9","hash":"966ced78c2199c865ec8d2fd4ae0ed2a8629bac1"}
,"/Users/yejinlee/Project/mysql-server/src/app/model/admin.js": {"path":"/Users/yejinlee/Project/mysql-server/src/app/model/admin.js","statementMap":{"0":{"start":{"line":1,"column":18},"end":{"line":1,"column":38}},"1":{"start":{"line":2,"column":0},"end":{"line":33,"column":2}},"2":{"start":{"line":3,"column":2},"end":{"line":32,"column":5}}},"fnMap":{"0":{"name":"(anonymous_0)","decl":{"start":{"line":2,"column":17},"end":{"line":2,"column":18}},"loc":{"start":{"line":2,"column":48},"end":{"line":33,"column":1}},"line":2}},"branchMap":{},"s":{"0":1,"1":1,"2":3},"f":{"0":3},"b":{},"_coverageSchema":"1a1c01bbd47fc00a2c39e90264f33305004495a9","hash":"33bce62b8e17d585be337358cf16aa660baa45dd"}
,"/Users/yejinlee/Project/mysql-server/src/app/model/assign.js": {"path":"/Users/yejinlee/Project/mysql-server/src/app/model/assign.js","statementMap":{"0":{"start":{"line":1,"column":18},"end":{"line":1,"column":38}},"1":{"start":{"line":2,"column":0},"end":{"line":85,"column":2}},"2":{"start":{"line":3,"column":2},"end":{"line":84,"column":5}}},"fnMap":{"0":{"name":"(anonymous_0)","decl":{"start":{"line":2,"column":17},"end":{"line":2,"column":18}},"loc":{"start":{"line":2,"column":48},"end":{"line":85,"column":1}},"line":2}},"branchMap":{},"s":{"0":1,"1":1,"2":3},"f":{"0":3},"b":{},"_coverageSchema":"1a1c01bbd47fc00a2c39e90264f33305004495a9","hash":"073fd4da4ceaeb644326585c384a6c1ac3e6c3c2"}
,"/Users/yejinlee/Project/mysql-server/src/app/model/company.js": {"path":"/Users/yejinlee/Project/mysql-server/src/app/model/company.js","statementMap":{"0":{"start":{"line":1,"column":18},"end":{"line":1,"column":38}},"1":{"start":{"line":2,"column":0},"end":{"line":102,"column":2}},"2":{"start":{"line":3,"column":2},"end":{"line":101,"column":5}}},"fnMap":{"0":{"name":"(anonymous_0)","decl":{"start":{"line":2,"column":17},"end":{"line":2,"column":18}},"loc":{"start":{"line":2,"column":48},"end":{"line":102,"column":1}},"line":2}},"branchMap":{},"s":{"0":1,"1":1,"2":3},"f":{"0":3},"b":{},"_coverageSchema":"1a1c01bbd47fc00a2c39e90264f33305004495a9","hash":"8e1def533fd2b59988f47bc526bb0c2e7d7e05fb"}
,"/Users/yejinlee/Project/mysql-server/src/app/model/index.js": {"path":"/Users/yejinlee/Project/mysql-server/src/app/model/index.js","statementMap":{"0":{"start":{"line":3,"column":11},"end":{"line":3,"column":24}},"1":{"start":{"line":4,"column":13},"end":{"line":4,"column":28}},"2":{"start":{"line":5,"column":18},"end":{"line":5,"column":38}},"3":{"start":{"line":6,"column":17},"end":{"line":6,"column":42}},"4":{"start":{"line":7,"column":12},"end":{"line":7,"column":49}},"5":{"start":{"line":8,"column":15},"end":{"line":8,"column":63}},"6":{"start":{"line":9,"column":11},"end":{"line":9,"column":13}},"7":{"start":{"line":11,"column":13},"end":{"line":11,"column":37}},"8":{"start":{"line":14,"column":0},"end":{"line":18,"column":1}},"9":{"start":{"line":15,"column":2},"end":{"line":15,"column":74}},"10":{"start":{"line":17,"column":2},"end":{"line":17,"column":87}},"11":{"start":{"line":27,"column":16},"end":{"line":27,"column":42}},"12":{"start":{"line":29,"column":0},"end":{"line":37,"column":5}},"13":{"start":{"line":32,"column":4},"end":{"line":32,"column":90}},"14":{"start":{"line":35,"column":18},"end":{"line":35,"column":85}},"15":{"start":{"line":36,"column":4},"end":{"line":36,"column":40}},"16":{"start":{"line":39,"column":0},"end":{"line":39,"column":25}},"17":{"start":{"line":40,"column":0},"end":{"line":40,"column":25}},"18":{"start":{"line":42,"column":0},"end":{"line":42,"column":20}},"19":{"start":{"line":43,"column":0},"end":{"line":43,"column":28}}},"fnMap":{"0":{"name":"(anonymous_0)","decl":{"start":{"line":31,"column":10},"end":{"line":31,"column":11}},"loc":{"start":{"line":31,"column":18},"end":{"line":33,"column":3}},"line":31},"1":{"name":"(anonymous_1)","decl":{"start":{"line":34,"column":11},"end":{"line":34,"column":12}},"loc":{"start":{"line":34,"column":19},"end":{"line":37,"column":3}},"line":34}},"branchMap":{"0":{"loc":{"start":{"line":7,"column":12},"end":{"line":7,"column":49}},"type":"binary-expr","locations":[{"start":{"line":7,"column":12},"end":{"line":7,"column":32}},{"start":{"line":7,"column":36},"end":{"line":7,"column":49}}],"line":7},"1":{"loc":{"start":{"line":14,"column":0},"end":{"line":18,"column":1}},"type":"if","locations":[{"start":{"line":14,"column":0},"end":{"line":18,"column":1}},{"start":{"line":16,"column":7},"end":{"line":18,"column":1}}],"line":14},"2":{"loc":{"start":{"line":32,"column":11},"end":{"line":32,"column":89}},"type":"binary-expr","locations":[{"start":{"line":32,"column":12},"end":{"line":32,"column":35}},{"start":{"line":32,"column":41},"end":{"line":32,"column":58}},{"start":{"line":32,"column":64},"end":{"line":32,"column":88}}],"line":32}},"s":{"0":1,"1":1,"2":1,"3":1,"4":1,"5":1,"6":1,"7":1,"8":1,"9":0,"10":1,"11":1,"12":1,"13":39,"14":38,"15":38,"16":1,"17":1,"18":1,"19":1},"f":{"0":39,"1":38},"b":{"0":[1,0],"1":[0,1],"2":[39,39,38]},"_coverageSchema":"1a1c01bbd47fc00a2c39e90264f33305004495a9","hash":"a19e8da21f2346e0ab9b84b2b86e49d815d036d9"}
,"/Users/yejinlee/Project/mysql-server/src/app/model/init-models.js": {"path":"/Users/yejinlee/Project/mysql-server/src/app/model/init-models.js","statementMap":{"0":{"start":{"line":1,"column":16},"end":{"line":1,"column":46}},"1":{"start":{"line":2,"column":14},"end":{"line":2,"column":33}},"2":{"start":{"line":3,"column":13},"end":{"line":3,"column":31}},"3":{"start":{"line":4,"column":14},"end":{"line":4,"column":33}},"4":{"start":{"line":5,"column":18},"end":{"line":5,"column":41}},"5":{"start":{"line":6,"column":16},"end":{"line":6,"column":37}},"6":{"start":{"line":7,"column":24},"end":{"line":7,"column":53}},"7":{"start":{"line":8,"column":19},"end":{"line":8,"column":43}},"8":{"start":{"line":9,"column":25},"end":{"line":9,"column":55}},"9":{"start":{"line":10,"column":27},"end":{"line":10,"column":59}},"10":{"start":{"line":11,"column":14},"end":{"line":11,"column":33}},"11":{"start":{"line":12,"column":21},"end":{"line":12,"column":47}},"12":{"start":{"line":13,"column":15},"end":{"line":13,"column":35}},"13":{"start":{"line":14,"column":24},"end":{"line":14,"column":53}},"14":{"start":{"line":15,"column":20},"end":{"line":15,"column":45}},"15":{"start":{"line":16,"column":29},"end":{"line":16,"column":63}},"16":{"start":{"line":17,"column":19},"end":{"line":17,"column":43}},"17":{"start":{"line":18,"column":16},"end":{"line":18,"column":37}},"18":{"start":{"line":19,"column":17},"end":{"line":19,"column":39}},"19":{"start":{"line":20,"column":17},"end":{"line":20,"column":39}},"20":{"start":{"line":21,"column":17},"end":{"line":21,"column":39}},"21":{"start":{"line":22,"column":19},"end":{"line":22,"column":43}},"22":{"start":{"line":23,"column":19},"end":{"line":23,"column":43}},"23":{"start":{"line":24,"column":21},"end":{"line":24,"column":47}},"24":{"start":{"line":25,"column":13},"end":{"line":25,"column":31}},"25":{"start":{"line":26,"column":22},"end":{"line":26,"column":49}},"26":{"start":{"line":27,"column":17},"end":{"line":27,"column":39}},"27":{"start":{"line":28,"column":30},"end":{"line":28,"column":65}},"28":{"start":{"line":29,"column":13},"end":{"line":29,"column":31}},"29":{"start":{"line":30,"column":14},"end":{"line":30,"column":33}},"30":{"start":{"line":31,"column":15},"end":{"line":31,"column":35}},"31":{"start":{"line":32,"column":17},"end":{"line":32,"column":39}},"32":{"start":{"line":33,"column":18},"end":{"line":33,"column":41}},"33":{"start":{"line":34,"column":24},"end":{"line":34,"column":53}},"34":{"start":{"line":35,"column":22},"end":{"line":35,"column":49}},"35":{"start":{"line":36,"column":14},"end":{"line":36,"column":33}},"36":{"start":{"line":37,"column":17},"end":{"line":37,"column":39}},"37":{"start":{"line":38,"column":13},"end":{"line":38,"column":31}},"38":{"start":{"line":41,"column":15},"end":{"line":41,"column":44}},"39":{"start":{"line":42,"column":14},"end":{"line":42,"column":42}},"40":{"start":{"line":43,"column":15},"end":{"line":43,"column":44}},"41":{"start":{"line":44,"column":19},"end":{"line":44,"column":52}},"42":{"start":{"line":45,"column":17},"end":{"line":45,"column":48}},"43":{"start":{"line":46,"column":25},"end":{"line":46,"column":64}},"44":{"start":{"line":47,"column":20},"end":{"line":47,"column":54}},"45":{"start":{"line":48,"column":26},"end":{"line":48,"column":66}},"46":{"start":{"line":49,"column":28},"end":{"line":49,"column":70}},"47":{"start":{"line":50,"column":15},"end":{"line":50,"column":44}},"48":{"start":{"line":51,"column":22},"end":{"line":51,"column":58}},"49":{"start":{"line":52,"column":16},"end":{"line":52,"column":46}},"50":{"start":{"line":53,"column":25},"end":{"line":53,"column":64}},"51":{"start":{"line":54,"column":21},"end":{"line":54,"column":56}},"52":{"start":{"line":55,"column":30},"end":{"line":55,"column":74}},"53":{"start":{"line":56,"column":20},"end":{"line":56,"column":54}},"54":{"start":{"line":57,"column":17},"end":{"line":57,"column":48}},"55":{"start":{"line":58,"column":18},"end":{"line":58,"column":50}},"56":{"start":{"line":59,"column":18},"end":{"line":59,"column":50}},"57":{"start":{"line":60,"column":18},"end":{"line":60,"column":50}},"58":{"start":{"line":61,"column":20},"end":{"line":61,"column":54}},"59":{"start":{"line":62,"column":20},"end":{"line":62,"column":54}},"60":{"start":{"line":63,"column":22},"end":{"line":63,"column":58}},"61":{"start":{"line":64,"column":14},"end":{"line":64,"column":42}},"62":{"start":{"line":65,"column":23},"end":{"line":65,"column":60}},"63":{"start":{"line":66,"column":18},"end":{"line":66,"column":50}},"64":{"start":{"line":67,"column":31},"end":{"line":67,"column":76}},"65":{"start":{"line":68,"column":14},"end":{"line":68,"column":42}},"66":{"start":{"line":69,"column":15},"end":{"line":69,"column":44}},"67":{"start":{"line":70,"column":16},"end":{"line":70,"column":46}},"68":{"start":{"line":71,"column":18},"end":{"line":71,"column":50}},"69":{"start":{"line":72,"column":19},"end":{"line":72,"column":52}},"70":{"start":{"line":73,"column":25},"end":{"line":73,"column":64}},"71":{"start":{"line":74,"column":23},"end":{"line":74,"column":60}},"72":{"start":{"line":75,"column":15},"end":{"line":75,"column":44}},"73":{"start":{"line":76,"column":18},"end":{"line":76,"column":50}},"74":{"start":{"line":77,"column":14},"end":{"line":77,"column":42}},"75":{"start":{"line":81,"column":2},"end":{"line":81,"column":75}},"76":{"start":{"line":82,"column":2},"end":{"line":82,"column":73}},"77":{"start":{"line":84,"column":2},"end":{"line":84,"column":61}},"78":{"start":{"line":85,"column":2},"end":{"line":85,"column":61}},"79":{"start":{"line":87,"column":2},"end":{"line":87,"column":54}},"80":{"start":{"line":88,"column":2},"end":{"line":88,"column":57}},"81":{"start":{"line":90,"column":2},"end":{"line":90,"column":68}},"82":{"start":{"line":91,"column":2},"end":{"line":91,"column":70}},"83":{"start":{"line":93,"column":2},"end":{"line":93,"column":74}},"84":{"start":{"line":94,"column":2},"end":{"line":94,"column":73}},"85":{"start":{"line":96,"column":2},"end":{"line":96,"column":65}},"86":{"start":{"line":97,"column":2},"end":{"line":97,"column":64}},"87":{"start":{"line":100,"column":2},"end":{"line":138,"column":4}},"88":{"start":{"line":140,"column":0},"end":{"line":140,"column":28}},"89":{"start":{"line":141,"column":0},"end":{"line":141,"column":39}},"90":{"start":{"line":142,"column":0},"end":{"line":142,"column":36}}},"fnMap":{"0":{"name":"initModels","decl":{"start":{"line":40,"column":9},"end":{"line":40,"column":19}},"loc":{"start":{"line":40,"column":31},"end":{"line":139,"column":1}},"line":40}},"branchMap":{},"s":{"0":1,"1":1,"2":1,"3":1,"4":1,"5":1,"6":1,"7":1,"8":1,"9":1,"10":1,"11":1,"12":1,"13":1,"14":1,"15":1,"16":1,"17":1,"18":1,"19":1,"20":1,"21":1,"22":1,"23":1,"24":1,"25":1,"26":1,"27":1,"28":1,"29":1,"30":1,"31":1,"32":1,"33":1,"34":1,"35":1,"36":1,"37":1,"38":2,"39":2,"40":2,"41":2,"42":2,"43":2,"44":2,"45":2,"46":2,"47":2,"48":2,"49":2,"50":2,"51":2,"52":2,"53":2,"54":2,"55":2,"56":2,"57":2,"58":2,"59":2,"60":2,"61":2,"62":2,"63":2,"64":2,"65":2,"66":2,"67":2,"68":2,"69":2,"70":2,"71":2,"72":2,"73":2,"74":2,"75":2,"76":2,"77":2,"78":2,"79":2,"80":2,"81":2,"82":2,"83":2,"84":2,"85":2,"86":2,"87":2,"88":1,"89":1,"90":1},"f":{"0":2},"b":{},"_coverageSchema":"1a1c01bbd47fc00a2c39e90264f33305004495a9","hash":"ae999fdf4ecb952f2707e387a3743d1fbdf45ea2"}
,"/Users/yejinlee/Project/mysql-server/src/app/model/recommend.js": {"path":"/Users/yejinlee/Project/mysql-server/src/app/model/recommend.js","statementMap":{"0":{"start":{"line":1,"column":18},"end":{"line":1,"column":38}},"1":{"start":{"line":2,"column":0},"end":{"line":44,"column":2}},"2":{"start":{"line":3,"column":2},"end":{"line":43,"column":5}}},"fnMap":{"0":{"name":"(anonymous_0)","decl":{"start":{"line":2,"column":17},"end":{"line":2,"column":18}},"loc":{"start":{"line":2,"column":48},"end":{"line":44,"column":1}},"line":2}},"branchMap":{},"s":{"0":1,"1":1,"2":3},"f":{"0":3},"b":{},"_coverageSchema":"1a1c01bbd47fc00a2c39e90264f33305004495a9","hash":"040ab9630500dfc4af2310797af63742406d9c96"}
,"/Users/yejinlee/Project/mysql-server/src/app/model/remodeling.js": {"path":"/Users/yejinlee/Project/mysql-server/src/app/model/remodeling.js","statementMap":{"0":{"start":{"line":1,"column":18},"end":{"line":1,"column":38}},"1":{"start":{"line":2,"column":0},"end":{"line":105,"column":2}},"2":{"start":{"line":3,"column":2},"end":{"line":104,"column":5}}},"fnMap":{"0":{"name":"(anonymous_0)","decl":{"start":{"line":2,"column":17},"end":{"line":2,"column":18}},"loc":{"start":{"line":2,"column":48},"end":{"line":105,"column":1}},"line":2}},"branchMap":{},"s":{"0":1,"1":1,"2":3},"f":{"0":3},"b":{},"_coverageSchema":"1a1c01bbd47fc00a2c39e90264f33305004495a9","hash":"569841db992bc3643afe7ac78ad63be030e79908"}
,"/Users/yejinlee/Project/mysql-server/src/app/model/remodeling_apply.js": {"path":"/Users/yejinlee/Project/mysql-server/src/app/model/remodeling_apply.js","statementMap":{"0":{"start":{"line":1,"column":18},"end":{"line":1,"column":38}},"1":{"start":{"line":2,"column":0},"end":{"line":69,"column":2}},"2":{"start":{"line":3,"column":2},"end":{"line":68,"column":5}}},"fnMap":{"0":{"name":"(anonymous_0)","decl":{"start":{"line":2,"column":17},"end":{"line":2,"column":18}},"loc":{"start":{"line":2,"column":48},"end":{"line":69,"column":1}},"line":2}},"branchMap":{},"s":{"0":1,"1":1,"2":3},"f":{"0":3},"b":{},"_coverageSchema":"1a1c01bbd47fc00a2c39e90264f33305004495a9","hash":"21edcbd50ee7cce281119c3ef97e6ed7bad4a736"}
,"/Users/yejinlee/Project/mysql-server/src/app/model/remodeling_img.js": {"path":"/Users/yejinlee/Project/mysql-server/src/app/model/remodeling_img.js","statementMap":{"0":{"start":{"line":1,"column":18},"end":{"line":1,"column":38}},"1":{"start":{"line":2,"column":0},"end":{"line":37,"column":2}},"2":{"start":{"line":3,"column":2},"end":{"line":36,"column":5}}},"fnMap":{"0":{"name":"(anonymous_0)","decl":{"start":{"line":2,"column":17},"end":{"line":2,"column":18}},"loc":{"start":{"line":2,"column":48},"end":{"line":37,"column":1}},"line":2}},"branchMap":{},"s":{"0":1,"1":1,"2":3},"f":{"0":3},"b":{},"_coverageSchema":"1a1c01bbd47fc00a2c39e90264f33305004495a9","hash":"587aba7abc1dbf6206b1b2b0056a74c3de8bb1e4"}
,"/Users/yejinlee/Project/mysql-server/src/app/model/review.js": {"path":"/Users/yejinlee/Project/mysql-server/src/app/model/review.js","statementMap":{"0":{"start":{"line":1,"column":18},"end":{"line":1,"column":38}},"1":{"start":{"line":2,"column":0},"end":{"line":50,"column":2}},"2":{"start":{"line":3,"column":2},"end":{"line":49,"column":5}}},"fnMap":{"0":{"name":"(anonymous_0)","decl":{"start":{"line":2,"column":17},"end":{"line":2,"column":18}},"loc":{"start":{"line":2,"column":48},"end":{"line":50,"column":1}},"line":2}},"branchMap":{},"s":{"0":1,"1":1,"2":3},"f":{"0":3},"b":{},"_coverageSchema":"1a1c01bbd47fc00a2c39e90264f33305004495a9","hash":"49fdc4f16b2d9c374f169ac5ec71793ec939a330"}
,"/Users/yejinlee/Project/mysql-server/src/app/model/tutorials.js": {"path":"/Users/yejinlee/Project/mysql-server/src/app/model/tutorials.js","statementMap":{"0":{"start":{"line":1,"column":18},"end":{"line":1,"column":38}},"1":{"start":{"line":2,"column":0},"end":{"line":37,"column":2}},"2":{"start":{"line":3,"column":2},"end":{"line":36,"column":5}}},"fnMap":{"0":{"name":"(anonymous_0)","decl":{"start":{"line":2,"column":17},"end":{"line":2,"column":18}},"loc":{"start":{"line":2,"column":48},"end":{"line":37,"column":1}},"line":2}},"branchMap":{},"s":{"0":1,"1":1,"2":3},"f":{"0":3},"b":{},"_coverageSchema":"1a1c01bbd47fc00a2c39e90264f33305004495a9","hash":"ba43706a6aed97c7036b169412aed64c9090da0d"}
,"/Users/yejinlee/Project/mysql-server/src/app/model/users.js": {"path":"/Users/yejinlee/Project/mysql-server/src/app/model/users.js","statementMap":{"0":{"start":{"line":8,"column":18},"end":{"line":8,"column":38}},"1":{"start":{"line":9,"column":0},"end":{"line":149,"column":2}},"2":{"start":{"line":10,"column":16},"end":{"line":122,"column":4}},"3":{"start":{"line":15,"column":26},"end":{"line":15,"column":47}},"4":{"start":{"line":17,"column":8},"end":{"line":17,"column":69}},"5":{"start":{"line":127,"column":2},"end":{"line":132,"column":5}},"6":{"start":{"line":128,"column":4},"end":{"line":131,"column":5}},"7":{"start":{"line":129,"column":19},"end":{"line":129,"column":43}},"8":{"start":{"line":130,"column":6},"end":{"line":130,"column":61}},"9":{"start":{"line":135,"column":2},"end":{"line":146,"column":3}},"10":{"start":{"line":138,"column":19},"end":{"line":138,"column":53}},"11":{"start":{"line":141,"column":4},"end":{"line":141,"column":20}},"12":{"start":{"line":142,"column":4},"end":{"line":142,"column":26}},"13":{"start":{"line":145,"column":4},"end":{"line":145,"column":17}},"14":{"start":{"line":148,"column":2},"end":{"line":148,"column":14}}},"fnMap":{"0":{"name":"(anonymous_0)","decl":{"start":{"line":9,"column":17},"end":{"line":9,"column":18}},"loc":{"start":{"line":9,"column":48},"end":{"line":149,"column":1}},"line":9},"1":{"name":"(anonymous_1)","decl":{"start":{"line":15,"column":20},"end":{"line":15,"column":21}},"loc":{"start":{"line":15,"column":26},"end":{"line":15,"column":47}},"line":15},"2":{"name":"(anonymous_2)","decl":{"start":{"line":16,"column":11},"end":{"line":16,"column":12}},"loc":{"start":{"line":16,"column":23},"end":{"line":18,"column":7}},"line":16},"3":{"name":"(anonymous_3)","decl":{"start":{"line":127,"column":19},"end":{"line":127,"column":20}},"loc":{"start":{"line":127,"column":44},"end":{"line":132,"column":3}},"line":127},"4":{"name":"(anonymous_4)","decl":{"start":{"line":135,"column":26},"end":{"line":135,"column":27}},"loc":{"start":{"line":135,"column":38},"end":{"line":146,"column":3}},"line":135}},"branchMap":{"0":{"loc":{"start":{"line":128,"column":4},"end":{"line":131,"column":5}},"type":"if","locations":[{"start":{"line":128,"column":4},"end":{"line":131,"column":5}},{"start":{},"end":{}}],"line":128}},"s":{"0":1,"1":1,"2":3,"3":1,"4":2,"5":3,"6":1,"7":1,"8":1,"9":3,"10":0,"11":0,"12":0,"13":0,"14":3},"f":{"0":3,"1":1,"2":2,"3":1,"4":0},"b":{"0":[1,0]},"_coverageSchema":"1a1c01bbd47fc00a2c39e90264f33305004495a9","hash":"ac5b82a7efbd631e292a34039d3c8d13e6e27f64"}
,"/Users/yejinlee/Project/mysql-server/src/app/repository/user.repository.js": {"path":"/Users/yejinlee/Project/mysql-server/src/app/repository/user.repository.js","statementMap":{"0":{"start":{"line":5,"column":27},"end":{"line":5,"column":58}},"1":{"start":{"line":8,"column":25},"end":{"line":8,"column":53}},"2":{"start":{"line":12,"column":8},"end":{"line":16,"column":10}},"3":{"start":{"line":20,"column":28},"end":{"line":20,"column":59}},"4":{"start":{"line":22,"column":34},"end":{"line":26,"column":6}}},"fnMap":{"0":{"name":"(anonymous_0)","decl":{"start":{"line":5,"column":11},"end":{"line":5,"column":12}},"loc":{"start":{"line":5,"column":27},"end":{"line":5,"column":58}},"line":5},"1":{"name":"(anonymous_1)","decl":{"start":{"line":8,"column":9},"end":{"line":8,"column":10}},"loc":{"start":{"line":8,"column":25},"end":{"line":8,"column":53}},"line":8},"2":{"name":"(anonymous_2)","decl":{"start":{"line":11,"column":10},"end":{"line":11,"column":11}},"loc":{"start":{"line":11,"column":26},"end":{"line":17,"column":5}},"line":11},"3":{"name":"(anonymous_3)","decl":{"start":{"line":20,"column":14},"end":{"line":20,"column":15}},"loc":{"start":{"line":20,"column":28},"end":{"line":20,"column":59}},"line":20},"4":{"name":"(anonymous_4)","decl":{"start":{"line":22,"column":17},"end":{"line":22,"column":18}},"loc":{"start":{"line":22,"column":34},"end":{"line":26,"column":6}},"line":22}},"branchMap":{},"s":{"0":1,"1":0,"2":2,"3":0,"4":3},"f":{"0":1,"1":0,"2":2,"3":0,"4":3},"b":{},"_coverageSchema":"1a1c01bbd47fc00a2c39e90264f33305004495a9","hash":"9b51b6de113ce2e7379a22101f7ec51c855067d3"}
,"/Users/yejinlee/Project/mysql-server/src/app/route/index.js": {"path":"/Users/yejinlee/Project/mysql-server/src/app/route/index.js","statementMap":{"0":{"start":{"line":8,"column":15},"end":{"line":8,"column":23}},"1":{"start":{"line":10,"column":0},"end":{"line":10,"column":28}},"2":{"start":{"line":12,"column":0},"end":{"line":12,"column":24}}},"fnMap":{},"branchMap":{},"s":{"0":1,"1":1,"2":1},"f":{},"b":{},"_coverageSchema":"1a1c01bbd47fc00a2c39e90264f33305004495a9","hash":"04fb12a2b8b20d7a43c93cddb7831fc15c9366fd"}
,"/Users/yejinlee/Project/mysql-server/src/app/route/v1/auth.route.js": {"path":"/Users/yejinlee/Project/mysql-server/src/app/route/v1/auth.route.js","statementMap":{"0":{"start":{"line":7,"column":15},"end":{"line":7,"column":31}},"1":{"start":{"line":9,"column":0},"end":{"line":12,"column":5}},"2":{"start":{"line":14,"column":0},"end":{"line":17,"column":5}}},"fnMap":{},"branchMap":{},"s":{"0":1,"1":1,"2":1},"f":{},"b":{},"_coverageSchema":"1a1c01bbd47fc00a2c39e90264f33305004495a9","hash":"9e981c85f823b0eeec3a81cde4072867453d44c5"}
,"/Users/yejinlee/Project/mysql-server/src/app/route/v1/index.js": {"path":"/Users/yejinlee/Project/mysql-server/src/app/route/v1/index.js","statementMap":{"0":{"start":{"line":5,"column":15},"end":{"line":5,"column":31}},"1":{"start":{"line":6,"column":16},"end":{"line":6,"column":41}},"2":{"start":{"line":12,"column":0},"end":{"line":12,"column":39}},"3":{"start":{"line":13,"column":0},"end":{"line":15,"column":101}},"4":{"start":{"line":14,"column":18},"end":{"line":14,"column":101}},"5":{"start":{"line":15,"column":24},"end":{"line":15,"column":100}},"6":{"start":{"line":18,"column":0},"end":{"line":24,"column":2}},"7":{"start":{"line":19,"column":12},"end":{"line":19,"column":14}},"8":{"start":{"line":20,"column":2},"end":{"line":22,"column":112}},"9":{"start":{"line":21,"column":18},"end":{"line":21,"column":101}},"10":{"start":{"line":22,"column":24},"end":{"line":22,"column":111}},"11":{"start":{"line":23,"column":2},"end":{"line":23,"column":28}}},"fnMap":{"0":{"name":"(anonymous_0)","decl":{"start":{"line":14,"column":10},"end":{"line":14,"column":11}},"loc":{"start":{"line":14,"column":18},"end":{"line":14,"column":101}},"line":14},"1":{"name":"(anonymous_1)","decl":{"start":{"line":15,"column":11},"end":{"line":15,"column":12}},"loc":{"start":{"line":15,"column":24},"end":{"line":15,"column":100}},"line":15},"2":{"name":"(anonymous_2)","decl":{"start":{"line":18,"column":18},"end":{"line":18,"column":19}},"loc":{"start":{"line":18,"column":32},"end":{"line":24,"column":1}},"line":18},"3":{"name":"(anonymous_3)","decl":{"start":{"line":21,"column":10},"end":{"line":21,"column":11}},"loc":{"start":{"line":21,"column":18},"end":{"line":21,"column":101}},"line":21},"4":{"name":"(anonymous_4)","decl":{"start":{"line":22,"column":11},"end":{"line":22,"column":12}},"loc":{"start":{"line":22,"column":24},"end":{"line":22,"column":111}},"line":22}},"branchMap":{"0":{"loc":{"start":{"line":14,"column":18},"end":{"line":14,"column":101}},"type":"binary-expr","locations":[{"start":{"line":14,"column":19},"end":{"line":14,"column":42}},{"start":{"line":14,"column":48},"end":{"line":14,"column":64}},{"start":{"line":14,"column":70},"end":{"line":14,"column":100}}],"line":14},"1":{"loc":{"start":{"line":21,"column":18},"end":{"line":21,"column":101}},"type":"binary-expr","locations":[{"start":{"line":21,"column":19},"end":{"line":21,"column":42}},{"start":{"line":21,"column":48},"end":{"line":21,"column":64}},{"start":{"line":21,"column":70},"end":{"line":21,"column":100}}],"line":21}},"s":{"0":1,"1":1,"2":1,"3":1,"4":4,"5":2,"6":1,"7":0,"8":0,"9":0,"10":0,"11":0},"f":{"0":4,"1":2,"2":0,"3":0,"4":0},"b":{"0":[4,4,3],"1":[0,0,0]},"_coverageSchema":"1a1c01bbd47fc00a2c39e90264f33305004495a9","hash":"b7f34ff18ee2bcafc58fd3ca6e005a0a1d066df4"}
,"/Users/yejinlee/Project/mysql-server/src/app/route/v1/users.route.js": {"path":"/Users/yejinlee/Project/mysql-server/src/app/route/v1/users.route.js","statementMap":{"0":{"start":{"line":4,"column":15},"end":{"line":4,"column":31}},"1":{"start":{"line":6,"column":0},"end":{"line":9,"column":3}},"2":{"start":{"line":11,"column":0},"end":{"line":14,"column":3}}},"fnMap":{},"branchMap":{},"s":{"0":1,"1":1,"2":1},"f":{},"b":{},"_coverageSchema":"1a1c01bbd47fc00a2c39e90264f33305004495a9","hash":"8b397157d3588c830daccd84ab29c630add95fd4"}
,"/Users/yejinlee/Project/mysql-server/src/app/route/v1/auth-non/assign.js": {"path":"/Users/yejinlee/Project/mysql-server/src/app/route/v1/auth-non/assign.js","statementMap":{"0":{"start":{"line":1,"column":15},"end":{"line":1,"column":42}},"1":{"start":{"line":2,"column":15},"end":{"line":2,"column":66}},"2":{"start":{"line":22,"column":0},"end":{"line":22,"column":34}},"3":{"start":{"line":23,"column":0},"end":{"line":23,"column":35}},"4":{"start":{"line":24,"column":0},"end":{"line":24,"column":32}},"5":{"start":{"line":27,"column":0},"end":{"line":27,"column":24}}},"fnMap":{},"branchMap":{},"s":{"0":1,"1":1,"2":1,"3":1,"4":1,"5":1},"f":{},"b":{},"_coverageSchema":"1a1c01bbd47fc00a2c39e90264f33305004495a9","hash":"d31fc2b21c1e7597e498d2c8bf538070ed609e68"}
,"/Users/yejinlee/Project/mysql-server/src/app/route/v1/auth-non/company.js": {"path":"/Users/yejinlee/Project/mysql-server/src/app/route/v1/auth-non/company.js","statementMap":{"0":{"start":{"line":1,"column":15},"end":{"line":1,"column":42}},"1":{"start":{"line":2,"column":16},"end":{"line":2,"column":71}},"2":{"start":{"line":13,"column":0},"end":{"line":13,"column":50}},"3":{"start":{"line":14,"column":0},"end":{"line":14,"column":54}},"4":{"start":{"line":30,"column":0},"end":{"line":30,"column":24}}},"fnMap":{},"branchMap":{},"s":{"0":1,"1":1,"2":1,"3":1,"4":1},"f":{},"b":{},"_coverageSchema":"1a1c01bbd47fc00a2c39e90264f33305004495a9","hash":"f56077c648c6063b0de294ec06fc09df09923095"}
,"/Users/yejinlee/Project/mysql-server/src/app/route/v1/auth-non/index.js": {"path":"/Users/yejinlee/Project/mysql-server/src/app/route/v1/auth-non/index.js","statementMap":{"0":{"start":{"line":1,"column":15},"end":{"line":1,"column":40}},"1":{"start":{"line":2,"column":25},"end":{"line":2,"column":48}},"2":{"start":{"line":3,"column":23},"end":{"line":3,"column":44}},"3":{"start":{"line":4,"column":24},"end":{"line":4,"column":46}},"4":{"start":{"line":5,"column":21},"end":{"line":5,"column":40}},"5":{"start":{"line":6,"column":22},"end":{"line":6,"column":42}},"6":{"start":{"line":7,"column":21},"end":{"line":7,"column":40}},"7":{"start":{"line":9,"column":15},"end":{"line":9,"column":23}},"8":{"start":{"line":10,"column":0},"end":{"line":10,"column":44}},"9":{"start":{"line":11,"column":0},"end":{"line":11,"column":40}},"10":{"start":{"line":12,"column":0},"end":{"line":12,"column":42}},"11":{"start":{"line":13,"column":0},"end":{"line":13,"column":36}},"12":{"start":{"line":14,"column":0},"end":{"line":14,"column":38}},"13":{"start":{"line":15,"column":0},"end":{"line":15,"column":36}},"14":{"start":{"line":17,"column":0},"end":{"line":17,"column":24}}},"fnMap":{},"branchMap":{},"s":{"0":1,"1":1,"2":1,"3":1,"4":1,"5":1,"6":1,"7":1,"8":1,"9":1,"10":1,"11":1,"12":1,"13":1,"14":1},"f":{},"b":{},"_coverageSchema":"1a1c01bbd47fc00a2c39e90264f33305004495a9","hash":"9cc100c0e0c630b7af934ceca07dce31f5db3802"}
,"/Users/yejinlee/Project/mysql-server/src/app/route/v1/auth-non/recommend.js": {"path":"/Users/yejinlee/Project/mysql-server/src/app/route/v1/auth-non/recommend.js","statementMap":{"0":{"start":{"line":1,"column":15},"end":{"line":1,"column":42}},"1":{"start":{"line":2,"column":18},"end":{"line":2,"column":72}},"2":{"start":{"line":5,"column":0},"end":{"line":5,"column":35}},"3":{"start":{"line":8,"column":0},"end":{"line":8,"column":35}},"4":{"start":{"line":11,"column":0},"end":{"line":11,"column":48}},"5":{"start":{"line":27,"column":0},"end":{"line":27,"column":24}}},"fnMap":{},"branchMap":{},"s":{"0":1,"1":1,"2":1,"3":1,"4":1,"5":1},"f":{},"b":{},"_coverageSchema":"1a1c01bbd47fc00a2c39e90264f33305004495a9","hash":"e345aa87a51d93e5de222d09f713f284e42a84f6"}
,"/Users/yejinlee/Project/mysql-server/src/app/route/v1/auth-non/remodeling.js": {"path":"/Users/yejinlee/Project/mysql-server/src/app/route/v1/auth-non/remodeling.js","statementMap":{"0":{"start":{"line":1,"column":15},"end":{"line":1,"column":42}},"1":{"start":{"line":2,"column":19},"end":{"line":2,"column":71}},"2":{"start":{"line":6,"column":0},"end":{"line":6,"column":36}},"3":{"start":{"line":7,"column":0},"end":{"line":7,"column":39}},"4":{"start":{"line":8,"column":0},"end":{"line":8,"column":53}},"5":{"start":{"line":10,"column":0},"end":{"line":10,"column":24}}},"fnMap":{},"branchMap":{},"s":{"0":1,"1":1,"2":1,"3":1,"4":1,"5":1},"f":{},"b":{},"_coverageSchema":"1a1c01bbd47fc00a2c39e90264f33305004495a9","hash":"b011427c114053ac9d08b6b01d9a96ab4fa77c7c"}
,"/Users/yejinlee/Project/mysql-server/src/app/route/v1/auth-non/review.js": {"path":"/Users/yejinlee/Project/mysql-server/src/app/route/v1/auth-non/review.js","statementMap":{"0":{"start":{"line":1,"column":15},"end":{"line":1,"column":42}},"1":{"start":{"line":2,"column":15},"end":{"line":2,"column":66}},"2":{"start":{"line":8,"column":0},"end":{"line":8,"column":32}},"3":{"start":{"line":24,"column":0},"end":{"line":24,"column":24}}},"fnMap":{},"branchMap":{},"s":{"0":1,"1":1,"2":1,"3":1},"f":{},"b":{},"_coverageSchema":"1a1c01bbd47fc00a2c39e90264f33305004495a9","hash":"71acf1a5089b8defd206ae0340ba50c915c2a782"}
,"/Users/yejinlee/Project/mysql-server/src/app/route/v1/auth-non/tutorial.js": {"path":"/Users/yejinlee/Project/mysql-server/src/app/route/v1/auth-non/tutorial.js","statementMap":{"0":{"start":{"line":1,"column":15},"end":{"line":1,"column":42}},"1":{"start":{"line":2,"column":17},"end":{"line":2,"column":70}},"2":{"start":{"line":5,"column":0},"end":{"line":5,"column":34}},"3":{"start":{"line":8,"column":0},"end":{"line":8,"column":34}},"4":{"start":{"line":11,"column":0},"end":{"line":11,"column":52}},"5":{"start":{"line":14,"column":0},"end":{"line":14,"column":37}},"6":{"start":{"line":17,"column":0},"end":{"line":17,"column":36}},"7":{"start":{"line":20,"column":0},"end":{"line":20,"column":39}},"8":{"start":{"line":22,"column":0},"end":{"line":22,"column":24}}},"fnMap":{},"branchMap":{},"s":{"0":1,"1":1,"2":1,"3":1,"4":1,"5":1,"6":1,"7":1,"8":1},"f":{},"b":{},"_coverageSchema":"1a1c01bbd47fc00a2c39e90264f33305004495a9","hash":"17108aadfeb16773c4da3d028e7bcafd9436ff13"}
,"/Users/yejinlee/Project/mysql-server/src/app/util/response.js": {"path":"/Users/yejinlee/Project/mysql-server/src/app/util/response.js","statementMap":{"0":{"start":{"line":1,"column":19},"end":{"line":1,"column":41}},"1":{"start":{"line":4,"column":2},"end":{"line":4,"column":33}}},"fnMap":{"0":{"name":"(anonymous_0)","decl":{"start":{"line":3,"column":15},"end":{"line":3,"column":16}},"loc":{"start":{"line":4,"column":2},"end":{"line":4,"column":33}},"line":4}},"branchMap":{"0":{"loc":{"start":{"line":3,"column":21},"end":{"line":3,"column":30}},"type":"default-arg","locations":[{"start":{"line":3,"column":28},"end":{"line":3,"column":30}}],"line":3},"1":{"loc":{"start":{"line":3,"column":32},"end":{"line":3,"column":52}},"type":"default-arg","locations":[{"start":{"line":3,"column":39},"end":{"line":3,"column":52}}],"line":3}},"s":{"0":1,"1":2},"f":{"0":2},"b":{"0":[0],"1":[2]},"_coverageSchema":"1a1c01bbd47fc00a2c39e90264f33305004495a9","hash":"6ad2fabe1fd35fcc65bf4b59e0e499dea9630d74"}
,"/Users/yejinlee/Project/mysql-server/src/app/util/uuid.js": {"path":"/Users/yejinlee/Project/mysql-server/src/app/util/uuid.js","statementMap":{"0":{"start":{"line":3,"column":13},"end":{"line":6,"column":1}},"1":{"start":{"line":4,"column":19},"end":{"line":4,"column":37}},"2":{"start":{"line":5,"column":4},"end":{"line":5,"column":68}}},"fnMap":{"0":{"name":"(anonymous_0)","decl":{"start":{"line":3,"column":13},"end":{"line":3,"column":14}},"loc":{"start":{"line":3,"column":19},"end":{"line":6,"column":1}},"line":3}},"branchMap":{},"s":{"0":1,"1":1,"2":1},"f":{"0":1},"b":{},"_coverageSchema":"1a1c01bbd47fc00a2c39e90264f33305004495a9","hash":"511f93025f6be19d59b6ec2b1d208304b0424064"}
}
