{"/Users/yejinlee/Project/mysql-server/src/app/config/config.js": {"path":"/Users/yejinlee/Project/mysql-server/src/app/config/config.js","statementMap":{"0":{"start":{"line":2,"column":0},"end":{"line":2,"column":26}},"1":{"start":{"line":7,"column":0},"end":{"line":9,"column":3}},"2":{"start":{"line":8,"column":4},"end":{"line":8,"column":30}},"3":{"start":{"line":11,"column":22},"end":{"line":23,"column":1}},"4":{"start":{"line":25,"column":0},"end":{"line":41,"column":1}}},"fnMap":{},"branchMap":{"0":{"loc":{"start":{"line":7,"column":0},"end":{"line":9,"column":3}},"type":"if","locations":[{"start":{"line":7,"column":0},"end":{"line":9,"column":3}},{"start":{},"end":{}}],"line":7}},"s":{"0":1,"1":1,"2":1,"3":1,"4":1},"f":{},"b":{"0":[1,0]},"_coverageSchema":"1a1c01bbd47fc00a2c39e90264f33305004495a9","hash":"e08227c54090a6d7745727fd1718c0c3ad55d207"}
,"/Users/yejinlee/Project/mysql-server/src/app/model/ACCESS.js": {"path":"/Users/yejinlee/Project/mysql-server/src/app/model/ACCESS.js","statementMap":{"0":{"start":{"line":1,"column":18},"end":{"line":1,"column":38}},"1":{"start":{"line":2,"column":0},"end":{"line":34,"column":2}},"2":{"start":{"line":3,"column":2},"end":{"line":33,"column":5}}},"fnMap":{"0":{"name":"(anonymous_0)","decl":{"start":{"line":2,"column":17},"end":{"line":2,"column":18}},"loc":{"start":{"line":2,"column":48},"end":{"line":34,"column":1}},"line":2}},"branchMap":{},"s":{"0":1,"1":1,"2":3},"f":{"0":3},"b":{},"_coverageSchema":"1a1c01bbd47fc00a2c39e90264f33305004495a9","hash":"4e27c317ca53180ce606a480442ededb2d54bce3"}
,"/Users/yejinlee/Project/mysql-server/src/app/model/ALERT.js": {"path":"/Users/yejinlee/Project/mysql-server/src/app/model/ALERT.js","statementMap":{"0":{"start":{"line":1,"column":18},"end":{"line":1,"column":38}},"1":{"start":{"line":2,"column":0},"end":{"line":29,"column":2}},"2":{"start":{"line":3,"column":2},"end":{"line":28,"column":5}}},"fnMap":{"0":{"name":"(anonymous_0)","decl":{"start":{"line":2,"column":17},"end":{"line":2,"column":18}},"loc":{"start":{"line":2,"column":48},"end":{"line":29,"column":1}},"line":2}},"branchMap":{},"s":{"0":1,"1":1,"2":3},"f":{"0":3},"b":{},"_coverageSchema":"1a1c01bbd47fc00a2c39e90264f33305004495a9","hash":"8861695130612122e48fd1b706e11cb8a530b063"}
,"/Users/yejinlee/Project/mysql-server/src/app/model/BANNER.js": {"path":"/Users/yejinlee/Project/mysql-server/src/app/model/BANNER.js","statementMap":{"0":{"start":{"line":1,"column":18},"end":{"line":1,"column":38}},"1":{"start":{"line":2,"column":0},"end":{"line":33,"column":2}},"2":{"start":{"line":3,"column":2},"end":{"line":32,"column":5}}},"fnMap":{"0":{"name":"(anonymous_0)","decl":{"start":{"line":2,"column":17},"end":{"line":2,"column":18}},"loc":{"start":{"line":2,"column":48},"end":{"line":33,"column":1}},"line":2}},"branchMap":{},"s":{"0":1,"1":1,"2":3},"f":{"0":3},"b":{},"_coverageSchema":"1a1c01bbd47fc00a2c39e90264f33305004495a9","hash":"e5515957e34f4e56bca402207fbb0c325477ffa8"}
,"/Users/yejinlee/Project/mysql-server/src/app/model/BANNER_IMG.js": {"path":"/Users/yejinlee/Project/mysql-server/src/app/model/BANNER_IMG.js","statementMap":{"0":{"start":{"line":1,"column":18},"end":{"line":1,"column":38}},"1":{"start":{"line":2,"column":0},"end":{"line":28,"column":2}},"2":{"start":{"line":3,"column":2},"end":{"line":27,"column":5}}},"fnMap":{"0":{"name":"(anonymous_0)","decl":{"start":{"line":2,"column":17},"end":{"line":2,"column":18}},"loc":{"start":{"line":2,"column":48},"end":{"line":28,"column":1}},"line":2}},"branchMap":{},"s":{"0":1,"1":1,"2":3},"f":{"0":3},"b":{},"_coverageSchema":"1a1c01bbd47fc00a2c39e90264f33305004495a9","hash":"4f8d901ade9e01e39eec69427b580c3ea6ef9df1"}
,"/Users/yejinlee/Project/mysql-server/src/app/model/BUILDING.js": {"path":"/Users/yejinlee/Project/mysql-server/src/app/model/BUILDING.js","statementMap":{"0":{"start":{"line":1,"column":18},"end":{"line":1,"column":38}},"1":{"start":{"line":2,"column":0},"end":{"line":52,"column":2}},"2":{"start":{"line":3,"column":2},"end":{"line":51,"column":5}}},"fnMap":{"0":{"name":"(anonymous_0)","decl":{"start":{"line":2,"column":17},"end":{"line":2,"column":18}},"loc":{"start":{"line":2,"column":48},"end":{"line":52,"column":1}},"line":2}},"branchMap":{},"s":{"0":1,"1":1,"2":3},"f":{"0":3},"b":{},"_coverageSchema":"1a1c01bbd47fc00a2c39e90264f33305004495a9","hash":"a66ae21433f0ffbc085133028d8e34f69a955fc9"}
,"/Users/yejinlee/Project/mysql-server/src/app/model/BUSINESS_LICENSE.js": {"path":"/Users/yejinlee/Project/mysql-server/src/app/model/BUSINESS_LICENSE.js","statementMap":{"0":{"start":{"line":1,"column":18},"end":{"line":1,"column":38}},"1":{"start":{"line":2,"column":0},"end":{"line":42,"column":2}},"2":{"start":{"line":3,"column":2},"end":{"line":41,"column":5}}},"fnMap":{"0":{"name":"(anonymous_0)","decl":{"start":{"line":2,"column":17},"end":{"line":2,"column":18}},"loc":{"start":{"line":2,"column":48},"end":{"line":42,"column":1}},"line":2}},"branchMap":{},"s":{"0":1,"1":1,"2":3},"f":{"0":3},"b":{},"_coverageSchema":"1a1c01bbd47fc00a2c39e90264f33305004495a9","hash":"4eb9e7c8ee588977e380272d497f9b18c882df81"}
,"/Users/yejinlee/Project/mysql-server/src/app/model/CERTIFICATE.js": {"path":"/Users/yejinlee/Project/mysql-server/src/app/model/CERTIFICATE.js","statementMap":{"0":{"start":{"line":1,"column":18},"end":{"line":1,"column":38}},"1":{"start":{"line":2,"column":0},"end":{"line":29,"column":2}},"2":{"start":{"line":3,"column":2},"end":{"line":28,"column":5}}},"fnMap":{"0":{"name":"(anonymous_0)","decl":{"start":{"line":2,"column":17},"end":{"line":2,"column":18}},"loc":{"start":{"line":2,"column":48},"end":{"line":29,"column":1}},"line":2}},"branchMap":{},"s":{"0":1,"1":1,"2":3},"f":{"0":3},"b":{},"_coverageSchema":"1a1c01bbd47fc00a2c39e90264f33305004495a9","hash":"d8996d26e15c7c8f1a7b6a3cb1eb68a9f0aff36a"}
,"/Users/yejinlee/Project/mysql-server/src/app/model/COMPANY_ABILITIES.js": {"path":"/Users/yejinlee/Project/mysql-server/src/app/model/COMPANY_ABILITIES.js","statementMap":{"0":{"start":{"line":1,"column":18},"end":{"line":1,"column":38}},"1":{"start":{"line":2,"column":0},"end":{"line":29,"column":2}},"2":{"start":{"line":3,"column":2},"end":{"line":28,"column":5}}},"fnMap":{"0":{"name":"(anonymous_0)","decl":{"start":{"line":2,"column":17},"end":{"line":2,"column":18}},"loc":{"start":{"line":2,"column":48},"end":{"line":29,"column":1}},"line":2}},"branchMap":{},"s":{"0":1,"1":1,"2":3},"f":{"0":3},"b":{},"_coverageSchema":"1a1c01bbd47fc00a2c39e90264f33305004495a9","hash":"996bfe95e6780a2093f1f5fbd510b6c074906522"}
,"/Users/yejinlee/Project/mysql-server/src/app/model/COMPANY_CERTIFICATE.js": {"path":"/Users/yejinlee/Project/mysql-server/src/app/model/COMPANY_CERTIFICATE.js","statementMap":{"0":{"start":{"line":1,"column":18},"end":{"line":1,"column":38}},"1":{"start":{"line":2,"column":0},"end":{"line":49,"column":2}},"2":{"start":{"line":3,"column":2},"end":{"line":48,"column":5}}},"fnMap":{"0":{"name":"(anonymous_0)","decl":{"start":{"line":2,"column":17},"end":{"line":2,"column":18}},"loc":{"start":{"line":2,"column":48},"end":{"line":49,"column":1}},"line":2}},"branchMap":{},"s":{"0":1,"1":1,"2":3},"f":{"0":3},"b":{},"_coverageSchema":"1a1c01bbd47fc00a2c39e90264f33305004495a9","hash":"36a616b75f3cab555b8bf6422d498d0412c816c7"}
,"/Users/yejinlee/Project/mysql-server/src/app/model/COUPON.js": {"path":"/Users/yejinlee/Project/mysql-server/src/app/model/COUPON.js","statementMap":{"0":{"start":{"line":1,"column":18},"end":{"line":1,"column":38}},"1":{"start":{"line":2,"column":0},"end":{"line":48,"column":2}},"2":{"start":{"line":3,"column":2},"end":{"line":47,"column":5}}},"fnMap":{"0":{"name":"(anonymous_0)","decl":{"start":{"line":2,"column":17},"end":{"line":2,"column":18}},"loc":{"start":{"line":2,"column":48},"end":{"line":48,"column":1}},"line":2}},"branchMap":{},"s":{"0":1,"1":1,"2":3},"f":{"0":3},"b":{},"_coverageSchema":"1a1c01bbd47fc00a2c39e90264f33305004495a9","hash":"32cf0ea7fd21683c8492cf349c213af36cfc28d1"}
,"/Users/yejinlee/Project/mysql-server/src/app/model/ISSUED_COUPON.js": {"path":"/Users/yejinlee/Project/mysql-server/src/app/model/ISSUED_COUPON.js","statementMap":{"0":{"start":{"line":1,"column":18},"end":{"line":1,"column":38}},"1":{"start":{"line":2,"column":0},"end":{"line":45,"column":2}},"2":{"start":{"line":3,"column":2},"end":{"line":44,"column":5}}},"fnMap":{"0":{"name":"(anonymous_0)","decl":{"start":{"line":2,"column":17},"end":{"line":2,"column":18}},"loc":{"start":{"line":2,"column":48},"end":{"line":45,"column":1}},"line":2}},"branchMap":{},"s":{"0":1,"1":1,"2":3},"f":{"0":3},"b":{},"_coverageSchema":"1a1c01bbd47fc00a2c39e90264f33305004495a9","hash":"851ba5c78d268837a9c72ba0f74450517d13ba4e"}
,"/Users/yejinlee/Project/mysql-server/src/app/model/KEYWORD.js": {"path":"/Users/yejinlee/Project/mysql-server/src/app/model/KEYWORD.js","statementMap":{"0":{"start":{"line":1,"column":18},"end":{"line":1,"column":38}},"1":{"start":{"line":2,"column":0},"end":{"line":29,"column":2}},"2":{"start":{"line":3,"column":2},"end":{"line":28,"column":5}}},"fnMap":{"0":{"name":"(anonymous_0)","decl":{"start":{"line":2,"column":17},"end":{"line":2,"column":18}},"loc":{"start":{"line":2,"column":48},"end":{"line":29,"column":1}},"line":2}},"branchMap":{},"s":{"0":1,"1":1,"2":3},"f":{"0":3},"b":{},"_coverageSchema":"1a1c01bbd47fc00a2c39e90264f33305004495a9","hash":"2bb50e541cedff7c879a253ba7d72f79114cb76b"}
,"/Users/yejinlee/Project/mysql-server/src/app/model/KEYWORD_ASSIGNED.js": {"path":"/Users/yejinlee/Project/mysql-server/src/app/model/KEYWORD_ASSIGNED.js","statementMap":{"0":{"start":{"line":1,"column":18},"end":{"line":1,"column":38}},"1":{"start":{"line":2,"column":0},"end":{"line":17,"column":2}},"2":{"start":{"line":3,"column":2},"end":{"line":16,"column":5}}},"fnMap":{"0":{"name":"(anonymous_0)","decl":{"start":{"line":2,"column":17},"end":{"line":2,"column":18}},"loc":{"start":{"line":2,"column":48},"end":{"line":17,"column":1}},"line":2}},"branchMap":{},"s":{"0":1,"1":1,"2":3},"f":{"0":3},"b":{},"_coverageSchema":"1a1c01bbd47fc00a2c39e90264f33305004495a9","hash":"a049e26e1709c5bf40b2a3ab53b08a913090c534"}
,"/Users/yejinlee/Project/mysql-server/src/app/model/POPULAR_AREA.js": {"path":"/Users/yejinlee/Project/mysql-server/src/app/model/POPULAR_AREA.js","statementMap":{"0":{"start":{"line":1,"column":18},"end":{"line":1,"column":38}},"1":{"start":{"line":2,"column":0},"end":{"line":28,"column":2}},"2":{"start":{"line":3,"column":2},"end":{"line":27,"column":5}}},"fnMap":{"0":{"name":"(anonymous_0)","decl":{"start":{"line":2,"column":17},"end":{"line":2,"column":18}},"loc":{"start":{"line":2,"column":48},"end":{"line":28,"column":1}},"line":2}},"branchMap":{},"s":{"0":1,"1":1,"2":3},"f":{"0":3},"b":{},"_coverageSchema":"1a1c01bbd47fc00a2c39e90264f33305004495a9","hash":"e3830204e5fac02b522a95b52347b0512267ac55"}
,"/Users/yejinlee/Project/mysql-server/src/app/model/REMODELING_APPLY_DIV2.js": {"path":"/Users/yejinlee/Project/mysql-server/src/app/model/REMODELING_APPLY_DIV2.js","statementMap":{"0":{"start":{"line":1,"column":18},"end":{"line":1,"column":38}},"1":{"start":{"line":2,"column":0},"end":{"line":17,"column":2}},"2":{"start":{"line":3,"column":2},"end":{"line":16,"column":5}}},"fnMap":{"0":{"name":"(anonymous_0)","decl":{"start":{"line":2,"column":17},"end":{"line":2,"column":18}},"loc":{"start":{"line":2,"column":48},"end":{"line":17,"column":1}},"line":2}},"branchMap":{},"s":{"0":1,"1":1,"2":3},"f":{"0":3},"b":{},"_coverageSchema":"1a1c01bbd47fc00a2c39e90264f33305004495a9","hash":"83530eca6e049022a494f26e426093f6bb2034ff"}
,"/Users/yejinlee/Project/mysql-server/src/app/model/REMODELINGs.js": {"path":"/Users/yejinlee/Project/mysql-server/src/app/model/REMODELINGs.js","statementMap":{"0":{"start":{"line":1,"column":18},"end":{"line":1,"column":38}},"1":{"start":{"line":2,"column":0},"end":{"line":29,"column":2}},"2":{"start":{"line":3,"column":2},"end":{"line":28,"column":5}}},"fnMap":{"0":{"name":"(anonymous_0)","decl":{"start":{"line":2,"column":17},"end":{"line":2,"column":18}},"loc":{"start":{"line":2,"column":48},"end":{"line":29,"column":1}},"line":2}},"branchMap":{},"s":{"0":1,"1":1,"2":3},"f":{"0":3},"b":{},"_coverageSchema":"1a1c01bbd47fc00a2c39e90264f33305004495a9","hash":"2b5fdf483bbb04c879bb117afa8c86e8342284db"}
,"/Users/yejinlee/Project/mysql-server/src/app/model/RESIDENT.js": {"path":"/Users/yejinlee/Project/mysql-server/src/app/model/RESIDENT.js","statementMap":{"0":{"start":{"line":1,"column":18},"end":{"line":1,"column":38}},"1":{"start":{"line":2,"column":0},"end":{"line":29,"column":2}},"2":{"start":{"line":3,"column":2},"end":{"line":28,"column":5}}},"fnMap":{"0":{"name":"(anonymous_0)","decl":{"start":{"line":2,"column":17},"end":{"line":2,"column":18}},"loc":{"start":{"line":2,"column":48},"end":{"line":29,"column":1}},"line":2}},"branchMap":{},"s":{"0":1,"1":1,"2":3},"f":{"0":3},"b":{},"_coverageSchema":"1a1c01bbd47fc00a2c39e90264f33305004495a9","hash":"e10f4838ce8670c0474aac45d11a793e0d9c50e2"}
,"/Users/yejinlee/Project/mysql-server/src/app/model/RMDL_DIV1.js": {"path":"/Users/yejinlee/Project/mysql-server/src/app/model/RMDL_DIV1.js","statementMap":{"0":{"start":{"line":1,"column":18},"end":{"line":1,"column":38}},"1":{"start":{"line":2,"column":0},"end":{"line":29,"column":2}},"2":{"start":{"line":3,"column":2},"end":{"line":28,"column":5}}},"fnMap":{"0":{"name":"(anonymous_0)","decl":{"start":{"line":2,"column":17},"end":{"line":2,"column":18}},"loc":{"start":{"line":2,"column":48},"end":{"line":29,"column":1}},"line":2}},"branchMap":{},"s":{"0":1,"1":1,"2":3},"f":{"0":3},"b":{},"_coverageSchema":"1a1c01bbd47fc00a2c39e90264f33305004495a9","hash":"0b4a7e0953130178f23c8b6ea055000e9cec47e7"}
,"/Users/yejinlee/Project/mysql-server/src/app/model/RMDL_DIV2.js": {"path":"/Users/yejinlee/Project/mysql-server/src/app/model/RMDL_DIV2.js","statementMap":{"0":{"start":{"line":1,"column":18},"end":{"line":1,"column":38}},"1":{"start":{"line":2,"column":0},"end":{"line":33,"column":2}},"2":{"start":{"line":3,"column":2},"end":{"line":32,"column":5}}},"fnMap":{"0":{"name":"(anonymous_0)","decl":{"start":{"line":2,"column":17},"end":{"line":2,"column":18}},"loc":{"start":{"line":2,"column":48},"end":{"line":33,"column":1}},"line":2}},"branchMap":{},"s":{"0":1,"1":1,"2":3},"f":{"0":3},"b":{},"_coverageSchema":"1a1c01bbd47fc00a2c39e90264f33305004495a9","hash":"887526f1ac0dc1fcaf63d8c2cde8efd104abbfaf"}
,"/Users/yejinlee/Project/mysql-server/src/app/model/ROOT_AREA.js": {"path":"/Users/yejinlee/Project/mysql-server/src/app/model/ROOT_AREA.js","statementMap":{"0":{"start":{"line":1,"column":18},"end":{"line":1,"column":38}},"1":{"start":{"line":2,"column":0},"end":{"line":17,"column":2}},"2":{"start":{"line":3,"column":2},"end":{"line":16,"column":5}}},"fnMap":{"0":{"name":"(anonymous_0)","decl":{"start":{"line":2,"column":17},"end":{"line":2,"column":18}},"loc":{"start":{"line":2,"column":48},"end":{"line":17,"column":1}},"line":2}},"branchMap":{},"s":{"0":1,"1":1,"2":3},"f":{"0":3},"b":{},"_coverageSchema":"1a1c01bbd47fc00a2c39e90264f33305004495a9","hash":"92704334e5a4aec717fddda6e4b035a202198474"}
,"/Users/yejinlee/Project/mysql-server/src/app/model/SECOND_AREA.js": {"path":"/Users/yejinlee/Project/mysql-server/src/app/model/SECOND_AREA.js","statementMap":{"0":{"start":{"line":1,"column":18},"end":{"line":1,"column":38}},"1":{"start":{"line":2,"column":0},"end":{"line":33,"column":2}},"2":{"start":{"line":3,"column":2},"end":{"line":32,"column":5}}},"fnMap":{"0":{"name":"(anonymous_0)","decl":{"start":{"line":2,"column":17},"end":{"line":2,"column":18}},"loc":{"start":{"line":2,"column":48},"end":{"line":33,"column":1}},"line":2}},"branchMap":{},"s":{"0":1,"1":1,"2":3},"f":{"0":3},"b":{},"_coverageSchema":"1a1c01bbd47fc00a2c39e90264f33305004495a9","hash":"7998e041ffff2da4e1a30c92548337e8d50cc349"}
,"/Users/yejinlee/Project/mysql-server/src/app/model/SPECIALIZED.js": {"path":"/Users/yejinlee/Project/mysql-server/src/app/model/SPECIALIZED.js","statementMap":{"0":{"start":{"line":1,"column":18},"end":{"line":1,"column":38}},"1":{"start":{"line":2,"column":0},"end":{"line":17,"column":2}},"2":{"start":{"line":3,"column":2},"end":{"line":16,"column":5}}},"fnMap":{"0":{"name":"(anonymous_0)","decl":{"start":{"line":2,"column":17},"end":{"line":2,"column":18}},"loc":{"start":{"line":2,"column":48},"end":{"line":17,"column":1}},"line":2}},"branchMap":{},"s":{"0":1,"1":1,"2":3},"f":{"0":3},"b":{},"_coverageSchema":"1a1c01bbd47fc00a2c39e90264f33305004495a9","hash":"3a36b3eca013d2e17d7fa88e3a5acbd78a8d02fe"}
,"/Users/yejinlee/Project/mysql-server/src/app/model/SequelizeMeta.js": {"path":"/Users/yejinlee/Project/mysql-server/src/app/model/SequelizeMeta.js","statementMap":{"0":{"start":{"line":1,"column":18},"end":{"line":1,"column":38}},"1":{"start":{"line":2,"column":0},"end":{"line":32,"column":2}},"2":{"start":{"line":3,"column":2},"end":{"line":31,"column":5}}},"fnMap":{"0":{"name":"(anonymous_0)","decl":{"start":{"line":2,"column":17},"end":{"line":2,"column":18}},"loc":{"start":{"line":2,"column":48},"end":{"line":32,"column":1}},"line":2}},"branchMap":{},"s":{"0":1,"1":1,"2":3},"f":{"0":3},"b":{},"_coverageSchema":"1a1c01bbd47fc00a2c39e90264f33305004495a9","hash":"4f7a04194ea94ed8542e60dce4234db748440c80"}
,"/Users/yejinlee/Project/mysql-server/src/app/model/THEME.js": {"path":"/Users/yejinlee/Project/mysql-server/src/app/model/THEME.js","statementMap":{"0":{"start":{"line":1,"column":18},"end":{"line":1,"column":38}},"1":{"start":{"line":2,"column":0},"end":{"line":34,"column":2}},"2":{"start":{"line":3,"column":2},"end":{"line":33,"column":5}}},"fnMap":{"0":{"name":"(anonymous_0)","decl":{"start":{"line":2,"column":17},"end":{"line":2,"column":18}},"loc":{"start":{"line":2,"column":48},"end":{"line":34,"column":1}},"line":2}},"branchMap":{},"s":{"0":1,"1":1,"2":3},"f":{"0":3},"b":{},"_coverageSchema":"1a1c01bbd47fc00a2c39e90264f33305004495a9","hash":"b429f990ba7b2e430d16fa2dae6af401f8d925fe"}
,"/Users/yejinlee/Project/mysql-server/src/app/model/THEME_ASSIGNED.js": {"path":"/Users/yejinlee/Project/mysql-server/src/app/model/THEME_ASSIGNED.js","statementMap":{"0":{"start":{"line":1,"column":18},"end":{"line":1,"column":38}},"1":{"start":{"line":2,"column":0},"end":{"line":22,"column":2}},"2":{"start":{"line":3,"column":2},"end":{"line":21,"column":5}}},"fnMap":{"0":{"name":"(anonymous_0)","decl":{"start":{"line":2,"column":17},"end":{"line":2,"column":18}},"loc":{"start":{"line":2,"column":48},"end":{"line":22,"column":1}},"line":2}},"branchMap":{},"s":{"0":1,"1":1,"2":3},"f":{"0":3},"b":{},"_coverageSchema":"1a1c01bbd47fc00a2c39e90264f33305004495a9","hash":"99ba68f62303f5bc35be578296d09c8cc1e157d1"}
,"/Users/yejinlee/Project/mysql-server/src/app/model/USER_HASH.js": {"path":"/Users/yejinlee/Project/mysql-server/src/app/model/USER_HASH.js","statementMap":{"0":{"start":{"line":1,"column":18},"end":{"line":1,"column":38}},"1":{"start":{"line":2,"column":0},"end":{"line":32,"column":2}},"2":{"start":{"line":3,"column":2},"end":{"line":31,"column":5}}},"fnMap":{"0":{"name":"(anonymous_0)","decl":{"start":{"line":2,"column":17},"end":{"line":2,"column":18}},"loc":{"start":{"line":2,"column":48},"end":{"line":32,"column":1}},"line":2}},"branchMap":{},"s":{"0":1,"1":1,"2":3},"f":{"0":3},"b":{},"_coverageSchema":"1a1c01bbd47fc00a2c39e90264f33305004495a9","hash":"01c226c0be18af6aad11f63e01bb8033c5772c9e"}
,"/Users/yejinlee/Project/mysql-server/src/app/model/VALID_BUSINESS_LICENSE.js": {"path":"/Users/yejinlee/Project/mysql-server/src/app/model/VALID_BUSINESS_LICENSE.js","statementMap":{"0":{"start":{"line":1,"column":18},"end":{"line":1,"column":38}},"1":{"start":{"line":2,"column":0},"end":{"line":29,"column":2}},"2":{"start":{"line":3,"column":2},"end":{"line":28,"column":5}}},"fnMap":{"0":{"name":"(anonymous_0)","decl":{"start":{"line":2,"column":17},"end":{"line":2,"column":18}},"loc":{"start":{"line":2,"column":48},"end":{"line":29,"column":1}},"line":2}},"branchMap":{},"s":{"0":1,"1":1,"2":3},"f":{"0":3},"b":{},"_coverageSchema":"1a1c01bbd47fc00a2c39e90264f33305004495a9","hash":"966ced78c2199c865ec8d2fd4ae0ed2a8629bac1"}
,"/Users/yejinlee/Project/mysql-server/src/app/model/admin.js": {"path":"/Users/yejinlee/Project/mysql-server/src/app/model/admin.js","statementMap":{"0":{"start":{"line":1,"column":18},"end":{"line":1,"column":38}},"1":{"start":{"line":2,"column":0},"end":{"line":33,"column":2}},"2":{"start":{"line":3,"column":2},"end":{"line":32,"column":5}}},"fnMap":{"0":{"name":"(anonymous_0)","decl":{"start":{"line":2,"column":17},"end":{"line":2,"column":18}},"loc":{"start":{"line":2,"column":48},"end":{"line":33,"column":1}},"line":2}},"branchMap":{},"s":{"0":1,"1":1,"2":3},"f":{"0":3},"b":{},"_coverageSchema":"1a1c01bbd47fc00a2c39e90264f33305004495a9","hash":"33bce62b8e17d585be337358cf16aa660baa45dd"}
,"/Users/yejinlee/Project/mysql-server/src/app/model/assign.js": {"path":"/Users/yejinlee/Project/mysql-server/src/app/model/assign.js","statementMap":{"0":{"start":{"line":1,"column":18},"end":{"line":1,"column":38}},"1":{"start":{"line":2,"column":0},"end":{"line":85,"column":2}},"2":{"start":{"line":3,"column":2},"end":{"line":84,"column":5}}},"fnMap":{"0":{"name":"(anonymous_0)","decl":{"start":{"line":2,"column":17},"end":{"line":2,"column":18}},"loc":{"start":{"line":2,"column":48},"end":{"line":85,"column":1}},"line":2}},"branchMap":{},"s":{"0":1,"1":1,"2":3},"f":{"0":3},"b":{},"_coverageSchema":"1a1c01bbd47fc00a2c39e90264f33305004495a9","hash":"073fd4da4ceaeb644326585c384a6c1ac3e6c3c2"}
,"/Users/yejinlee/Project/mysql-server/src/app/model/company.js": {"path":"/Users/yejinlee/Project/mysql-server/src/app/model/company.js","statementMap":{"0":{"start":{"line":1,"column":18},"end":{"line":1,"column":38}},"1":{"start":{"line":2,"column":0},"end":{"line":102,"column":2}},"2":{"start":{"line":3,"column":2},"end":{"line":101,"column":5}}},"fnMap":{"0":{"name":"(anonymous_0)","decl":{"start":{"line":2,"column":17},"end":{"line":2,"column":18}},"loc":{"start":{"line":2,"column":48},"end":{"line":102,"column":1}},"line":2}},"branchMap":{},"s":{"0":1,"1":1,"2":3},"f":{"0":3},"b":{},"_coverageSchema":"1a1c01bbd47fc00a2c39e90264f33305004495a9","hash":"8e1def533fd2b59988f47bc526bb0c2e7d7e05fb"}
,"/Users/yejinlee/Project/mysql-server/src/app/model/index.js": {"path":"/Users/yejinlee/Project/mysql-server/src/app/model/index.js","statementMap":{"0":{"start":{"line":3,"column":11},"end":{"line":3,"column":24}},"1":{"start":{"line":4,"column":13},"end":{"line":4,"column":28}},"2":{"start":{"line":5,"column":18},"end":{"line":5,"column":38}},"3":{"start":{"line":6,"column":17},"end":{"line":6,"column":42}},"4":{"start":{"line":7,"column":12},"end":{"line":7,"column":49}},"5":{"start":{"line":8,"column":15},"end":{"line":8,"column":63}},"6":{"start":{"line":9,"column":11},"end":{"line":9,"column":13}},"7":{"start":{"line":11,"column":13},"end":{"line":11,"column":37}},"8":{"start":{"line":14,"column":0},"end":{"line":18,"column":1}},"9":{"start":{"line":15,"column":2},"end":{"line":15,"column":74}},"10":{"start":{"line":17,"column":2},"end":{"line":17,"column":87}},"11":{"start":{"line":27,"column":16},"end":{"line":27,"column":42}},"12":{"start":{"line":29,"column":0},"end":{"line":37,"column":5}},"13":{"start":{"line":32,"column":4},"end":{"line":32,"column":90}},"14":{"start":{"line":35,"column":18},"end":{"line":35,"column":85}},"15":{"start":{"line":36,"column":4},"end":{"line":36,"column":40}},"16":{"start":{"line":47,"column":0},"end":{"line":47,"column":25}},"17":{"start":{"line":48,"column":0},"end":{"line":48,"column":25}},"18":{"start":{"line":50,"column":0},"end":{"line":50,"column":20}},"19":{"start":{"line":51,"column":0},"end":{"line":51,"column":28}}},"fnMap":{"0":{"name":"(anonymous_0)","decl":{"start":{"line":31,"column":10},"end":{"line":31,"column":11}},"loc":{"start":{"line":31,"column":18},"end":{"line":33,"column":3}},"line":31},"1":{"name":"(anonymous_1)","decl":{"start":{"line":34,"column":11},"end":{"line":34,"column":12}},"loc":{"start":{"line":34,"column":19},"end":{"line":37,"column":3}},"line":34}},"branchMap":{"0":{"loc":{"start":{"line":7,"column":12},"end":{"line":7,"column":49}},"type":"binary-expr","locations":[{"start":{"line":7,"column":12},"end":{"line":7,"column":32}},{"start":{"line":7,"column":36},"end":{"line":7,"column":49}}],"line":7},"1":{"loc":{"start":{"line":14,"column":0},"end":{"line":18,"column":1}},"type":"if","locations":[{"start":{"line":14,"column":0},"end":{"line":18,"column":1}},{"start":{"line":16,"column":7},"end":{"line":18,"column":1}}],"line":14},"2":{"loc":{"start":{"line":32,"column":11},"end":{"line":32,"column":89}},"type":"binary-expr","locations":[{"start":{"line":32,"column":12},"end":{"line":32,"column":35}},{"start":{"line":32,"column":41},"end":{"line":32,"column":58}},{"start":{"line":32,"column":64},"end":{"line":32,"column":88}}],"line":32}},"s":{"0":1,"1":1,"2":1,"3":1,"4":1,"5":1,"6":1,"7":1,"8":1,"9":0,"10":1,"11":1,"12":1,"13":39,"14":38,"15":38,"16":1,"17":1,"18":1,"19":1},"f":{"0":39,"1":38},"b":{"0":[1,0],"1":[0,1],"2":[39,39,38]},"_coverageSchema":"1a1c01bbd47fc00a2c39e90264f33305004495a9","hash":"b376e018b65b1455c139ce739f3b6475cecd98a4"}
,"/Users/yejinlee/Project/mysql-server/src/app/model/init-models.js": {"path":"/Users/yejinlee/Project/mysql-server/src/app/model/init-models.js","statementMap":{"0":{"start":{"line":1,"column":16},"end":{"line":1,"column":46}},"1":{"start":{"line":2,"column":14},"end":{"line":2,"column":33}},"2":{"start":{"line":3,"column":13},"end":{"line":3,"column":31}},"3":{"start":{"line":4,"column":14},"end":{"line":4,"column":33}},"4":{"start":{"line":5,"column":18},"end":{"line":5,"column":41}},"5":{"start":{"line":6,"column":16},"end":{"line":6,"column":37}},"6":{"start":{"line":7,"column":24},"end":{"line":7,"column":53}},"7":{"start":{"line":8,"column":19},"end":{"line":8,"column":43}},"8":{"start":{"line":9,"column":25},"end":{"line":9,"column":55}},"9":{"start":{"line":10,"column":27},"end":{"line":10,"column":59}},"10":{"start":{"line":11,"column":14},"end":{"line":11,"column":33}},"11":{"start":{"line":12,"column":21},"end":{"line":12,"column":47}},"12":{"start":{"line":13,"column":15},"end":{"line":13,"column":35}},"13":{"start":{"line":14,"column":24},"end":{"line":14,"column":53}},"14":{"start":{"line":15,"column":20},"end":{"line":15,"column":45}},"15":{"start":{"line":16,"column":29},"end":{"line":16,"column":63}},"16":{"start":{"line":17,"column":19},"end":{"line":17,"column":43}},"17":{"start":{"line":18,"column":16},"end":{"line":18,"column":37}},"18":{"start":{"line":19,"column":17},"end":{"line":19,"column":39}},"19":{"start":{"line":20,"column":17},"end":{"line":20,"column":39}},"20":{"start":{"line":21,"column":17},"end":{"line":21,"column":39}},"21":{"start":{"line":22,"column":19},"end":{"line":22,"column":43}},"22":{"start":{"line":23,"column":19},"end":{"line":23,"column":43}},"23":{"start":{"line":24,"column":21},"end":{"line":24,"column":47}},"24":{"start":{"line":25,"column":13},"end":{"line":25,"column":31}},"25":{"start":{"line":26,"column":22},"end":{"line":26,"column":49}},"26":{"start":{"line":27,"column":17},"end":{"line":27,"column":39}},"27":{"start":{"line":28,"column":30},"end":{"line":28,"column":65}},"28":{"start":{"line":29,"column":13},"end":{"line":29,"column":31}},"29":{"start":{"line":30,"column":14},"end":{"line":30,"column":33}},"30":{"start":{"line":31,"column":15},"end":{"line":31,"column":35}},"31":{"start":{"line":32,"column":17},"end":{"line":32,"column":39}},"32":{"start":{"line":33,"column":18},"end":{"line":33,"column":41}},"33":{"start":{"line":34,"column":24},"end":{"line":34,"column":53}},"34":{"start":{"line":35,"column":22},"end":{"line":35,"column":49}},"35":{"start":{"line":36,"column":14},"end":{"line":36,"column":33}},"36":{"start":{"line":37,"column":17},"end":{"line":37,"column":39}},"37":{"start":{"line":38,"column":13},"end":{"line":38,"column":31}},"38":{"start":{"line":41,"column":15},"end":{"line":41,"column":44}},"39":{"start":{"line":42,"column":14},"end":{"line":42,"column":42}},"40":{"start":{"line":43,"column":15},"end":{"line":43,"column":44}},"41":{"start":{"line":44,"column":19},"end":{"line":44,"column":52}},"42":{"start":{"line":45,"column":17},"end":{"line":45,"column":48}},"43":{"start":{"line":46,"column":25},"end":{"line":46,"column":64}},"44":{"start":{"line":47,"column":20},"end":{"line":47,"column":54}},"45":{"start":{"line":48,"column":26},"end":{"line":48,"column":66}},"46":{"start":{"line":49,"column":28},"end":{"line":49,"column":70}},"47":{"start":{"line":50,"column":15},"end":{"line":50,"column":44}},"48":{"start":{"line":51,"column":22},"end":{"line":51,"column":58}},"49":{"start":{"line":52,"column":16},"end":{"line":52,"column":46}},"50":{"start":{"line":53,"column":25},"end":{"line":53,"column":64}},"51":{"start":{"line":54,"column":21},"end":{"line":54,"column":56}},"52":{"start":{"line":55,"column":30},"end":{"line":55,"column":74}},"53":{"start":{"line":56,"column":20},"end":{"line":56,"column":54}},"54":{"start":{"line":57,"column":17},"end":{"line":57,"column":48}},"55":{"start":{"line":58,"column":18},"end":{"line":58,"column":50}},"56":{"start":{"line":59,"column":18},"end":{"line":59,"column":50}},"57":{"start":{"line":60,"column":18},"end":{"line":60,"column":50}},"58":{"start":{"line":61,"column":20},"end":{"line":61,"column":54}},"59":{"start":{"line":62,"column":20},"end":{"line":62,"column":54}},"60":{"start":{"line":63,"column":22},"end":{"line":63,"column":58}},"61":{"start":{"line":64,"column":14},"end":{"line":64,"column":42}},"62":{"start":{"line":65,"column":23},"end":{"line":65,"column":60}},"63":{"start":{"line":66,"column":18},"end":{"line":66,"column":50}},"64":{"start":{"line":67,"column":31},"end":{"line":67,"column":76}},"65":{"start":{"line":68,"column":14},"end":{"line":68,"column":42}},"66":{"start":{"line":69,"column":15},"end":{"line":69,"column":44}},"67":{"start":{"line":70,"column":16},"end":{"line":70,"column":46}},"68":{"start":{"line":71,"column":18},"end":{"line":71,"column":50}},"69":{"start":{"line":72,"column":19},"end":{"line":72,"column":52}},"70":{"start":{"line":73,"column":25},"end":{"line":73,"column":64}},"71":{"start":{"line":74,"column":23},"end":{"line":74,"column":60}},"72":{"start":{"line":75,"column":15},"end":{"line":75,"column":44}},"73":{"start":{"line":76,"column":18},"end":{"line":76,"column":50}},"74":{"start":{"line":77,"column":14},"end":{"line":77,"column":42}},"75":{"start":{"line":80,"column":2},"end":{"line":80,"column":75}},"76":{"start":{"line":81,"column":2},"end":{"line":81,"column":73}},"77":{"start":{"line":83,"column":2},"end":{"line":83,"column":61}},"78":{"start":{"line":84,"column":2},"end":{"line":84,"column":61}},"79":{"start":{"line":86,"column":2},"end":{"line":86,"column":54}},"80":{"start":{"line":87,"column":2},"end":{"line":87,"column":57}},"81":{"start":{"line":89,"column":2},"end":{"line":89,"column":68}},"82":{"start":{"line":90,"column":2},"end":{"line":90,"column":70}},"83":{"start":{"line":92,"column":2},"end":{"line":92,"column":74}},"84":{"start":{"line":93,"column":2},"end":{"line":93,"column":73}},"85":{"start":{"line":95,"column":2},"end":{"line":95,"column":65}},"86":{"start":{"line":96,"column":2},"end":{"line":96,"column":64}},"87":{"start":{"line":113,"column":2},"end":{"line":151,"column":4}},"88":{"start":{"line":153,"column":0},"end":{"line":153,"column":28}},"89":{"start":{"line":154,"column":0},"end":{"line":154,"column":39}},"90":{"start":{"line":155,"column":0},"end":{"line":155,"column":36}}},"fnMap":{"0":{"name":"initModels","decl":{"start":{"line":40,"column":9},"end":{"line":40,"column":19}},"loc":{"start":{"line":40,"column":31},"end":{"line":152,"column":1}},"line":40}},"branchMap":{},"s":{"0":1,"1":1,"2":1,"3":1,"4":1,"5":1,"6":1,"7":1,"8":1,"9":1,"10":1,"11":1,"12":1,"13":1,"14":1,"15":1,"16":1,"17":1,"18":1,"19":1,"20":1,"21":1,"22":1,"23":1,"24":1,"25":1,"26":1,"27":1,"28":1,"29":1,"30":1,"31":1,"32":1,"33":1,"34":1,"35":1,"36":1,"37":1,"38":2,"39":2,"40":2,"41":2,"42":2,"43":2,"44":2,"45":2,"46":2,"47":2,"48":2,"49":2,"50":2,"51":2,"52":2,"53":2,"54":2,"55":2,"56":2,"57":2,"58":2,"59":2,"60":2,"61":2,"62":2,"63":2,"64":2,"65":2,"66":2,"67":2,"68":2,"69":2,"70":2,"71":2,"72":2,"73":2,"74":2,"75":2,"76":2,"77":2,"78":2,"79":2,"80":2,"81":2,"82":2,"83":2,"84":2,"85":2,"86":2,"87":2,"88":1,"89":1,"90":1},"f":{"0":2},"b":{},"_coverageSchema":"1a1c01bbd47fc00a2c39e90264f33305004495a9","hash":"16dc90d864b8004ddf88b99d3690527e514688b4"}
,"/Users/yejinlee/Project/mysql-server/src/app/model/recommend.js": {"path":"/Users/yejinlee/Project/mysql-server/src/app/model/recommend.js","statementMap":{"0":{"start":{"line":1,"column":18},"end":{"line":1,"column":38}},"1":{"start":{"line":2,"column":0},"end":{"line":44,"column":2}},"2":{"start":{"line":3,"column":2},"end":{"line":43,"column":5}}},"fnMap":{"0":{"name":"(anonymous_0)","decl":{"start":{"line":2,"column":17},"end":{"line":2,"column":18}},"loc":{"start":{"line":2,"column":48},"end":{"line":44,"column":1}},"line":2}},"branchMap":{},"s":{"0":1,"1":1,"2":3},"f":{"0":3},"b":{},"_coverageSchema":"1a1c01bbd47fc00a2c39e90264f33305004495a9","hash":"040ab9630500dfc4af2310797af63742406d9c96"}
,"/Users/yejinlee/Project/mysql-server/src/app/model/remodeling.js": {"path":"/Users/yejinlee/Project/mysql-server/src/app/model/remodeling.js","statementMap":{"0":{"start":{"line":1,"column":18},"end":{"line":1,"column":38}},"1":{"start":{"line":2,"column":0},"end":{"line":105,"column":2}},"2":{"start":{"line":3,"column":2},"end":{"line":104,"column":5}}},"fnMap":{"0":{"name":"(anonymous_0)","decl":{"start":{"line":2,"column":17},"end":{"line":2,"column":18}},"loc":{"start":{"line":2,"column":48},"end":{"line":105,"column":1}},"line":2}},"branchMap":{},"s":{"0":1,"1":1,"2":3},"f":{"0":3},"b":{},"_coverageSchema":"1a1c01bbd47fc00a2c39e90264f33305004495a9","hash":"569841db992bc3643afe7ac78ad63be030e79908"}
,"/Users/yejinlee/Project/mysql-server/src/app/model/remodeling_apply.js": {"path":"/Users/yejinlee/Project/mysql-server/src/app/model/remodeling_apply.js","statementMap":{"0":{"start":{"line":1,"column":18},"end":{"line":1,"column":38}},"1":{"start":{"line":2,"column":0},"end":{"line":69,"column":2}},"2":{"start":{"line":3,"column":2},"end":{"line":68,"column":5}}},"fnMap":{"0":{"name":"(anonymous_0)","decl":{"start":{"line":2,"column":17},"end":{"line":2,"column":18}},"loc":{"start":{"line":2,"column":48},"end":{"line":69,"column":1}},"line":2}},"branchMap":{},"s":{"0":1,"1":1,"2":3},"f":{"0":3},"b":{},"_coverageSchema":"1a1c01bbd47fc00a2c39e90264f33305004495a9","hash":"21edcbd50ee7cce281119c3ef97e6ed7bad4a736"}
,"/Users/yejinlee/Project/mysql-server/src/app/model/remodeling_img.js": {"path":"/Users/yejinlee/Project/mysql-server/src/app/model/remodeling_img.js","statementMap":{"0":{"start":{"line":1,"column":18},"end":{"line":1,"column":38}},"1":{"start":{"line":2,"column":0},"end":{"line":37,"column":2}},"2":{"start":{"line":3,"column":2},"end":{"line":36,"column":5}}},"fnMap":{"0":{"name":"(anonymous_0)","decl":{"start":{"line":2,"column":17},"end":{"line":2,"column":18}},"loc":{"start":{"line":2,"column":48},"end":{"line":37,"column":1}},"line":2}},"branchMap":{},"s":{"0":1,"1":1,"2":3},"f":{"0":3},"b":{},"_coverageSchema":"1a1c01bbd47fc00a2c39e90264f33305004495a9","hash":"587aba7abc1dbf6206b1b2b0056a74c3de8bb1e4"}
,"/Users/yejinlee/Project/mysql-server/src/app/model/review.js": {"path":"/Users/yejinlee/Project/mysql-server/src/app/model/review.js","statementMap":{"0":{"start":{"line":1,"column":18},"end":{"line":1,"column":38}},"1":{"start":{"line":2,"column":0},"end":{"line":50,"column":2}},"2":{"start":{"line":3,"column":2},"end":{"line":49,"column":5}}},"fnMap":{"0":{"name":"(anonymous_0)","decl":{"start":{"line":2,"column":17},"end":{"line":2,"column":18}},"loc":{"start":{"line":2,"column":48},"end":{"line":50,"column":1}},"line":2}},"branchMap":{},"s":{"0":1,"1":1,"2":3},"f":{"0":3},"b":{},"_coverageSchema":"1a1c01bbd47fc00a2c39e90264f33305004495a9","hash":"49fdc4f16b2d9c374f169ac5ec71793ec939a330"}
,"/Users/yejinlee/Project/mysql-server/src/app/model/tutorials.js": {"path":"/Users/yejinlee/Project/mysql-server/src/app/model/tutorials.js","statementMap":{"0":{"start":{"line":1,"column":18},"end":{"line":1,"column":38}},"1":{"start":{"line":2,"column":0},"end":{"line":37,"column":2}},"2":{"start":{"line":3,"column":2},"end":{"line":36,"column":5}}},"fnMap":{"0":{"name":"(anonymous_0)","decl":{"start":{"line":2,"column":17},"end":{"line":2,"column":18}},"loc":{"start":{"line":2,"column":48},"end":{"line":37,"column":1}},"line":2}},"branchMap":{},"s":{"0":1,"1":1,"2":3},"f":{"0":3},"b":{},"_coverageSchema":"1a1c01bbd47fc00a2c39e90264f33305004495a9","hash":"ba43706a6aed97c7036b169412aed64c9090da0d"}
,"/Users/yejinlee/Project/mysql-server/src/app/model/users.js": {"path":"/Users/yejinlee/Project/mysql-server/src/app/model/users.js","statementMap":{"0":{"start":{"line":1,"column":18},"end":{"line":1,"column":38}},"1":{"start":{"line":2,"column":0},"end":{"line":115,"column":2}},"2":{"start":{"line":3,"column":2},"end":{"line":114,"column":5}},"3":{"start":{"line":8,"column":26},"end":{"line":8,"column":47}},"4":{"start":{"line":10,"column":8},"end":{"line":10,"column":69}}},"fnMap":{"0":{"name":"(anonymous_0)","decl":{"start":{"line":2,"column":17},"end":{"line":2,"column":18}},"loc":{"start":{"line":2,"column":48},"end":{"line":115,"column":1}},"line":2},"1":{"name":"(anonymous_1)","decl":{"start":{"line":8,"column":20},"end":{"line":8,"column":21}},"loc":{"start":{"line":8,"column":26},"end":{"line":8,"column":47}},"line":8},"2":{"name":"(anonymous_2)","decl":{"start":{"line":9,"column":11},"end":{"line":9,"column":12}},"loc":{"start":{"line":9,"column":23},"end":{"line":11,"column":7}},"line":9}},"branchMap":{},"s":{"0":1,"1":1,"2":3,"3":0,"4":0},"f":{"0":3,"1":0,"2":0},"b":{},"_coverageSchema":"1a1c01bbd47fc00a2c39e90264f33305004495a9","hash":"8b5c2212ecbdb19f54724c85cef363f2db648b11"}
,"/Users/yejinlee/Project/mysql-server/src/app/util/uuid.js": {"path":"/Users/yejinlee/Project/mysql-server/src/app/util/uuid.js","statementMap":{"0":{"start":{"line":3,"column":13},"end":{"line":6,"column":1}},"1":{"start":{"line":4,"column":19},"end":{"line":4,"column":37}},"2":{"start":{"line":5,"column":4},"end":{"line":5,"column":68}}},"fnMap":{"0":{"name":"(anonymous_0)","decl":{"start":{"line":3,"column":13},"end":{"line":3,"column":14}},"loc":{"start":{"line":3,"column":19},"end":{"line":6,"column":1}},"line":3}},"branchMap":{},"s":{"0":1,"1":1,"2":1},"f":{"0":1},"b":{},"_coverageSchema":"1a1c01bbd47fc00a2c39e90264f33305004495a9","hash":"511f93025f6be19d59b6ec2b1d208304b0424064"}
}
