TN:
SF:src/app.js
FN:39,(anonymous_0)
FN:44,(anonymous_1)
FN:49,(anonymous_2)
FN:54,(anonymous_3)
FNF:4
FNH:1
FNDA:0,(anonymous_0)
FNDA:0,(anonymous_1)
FNDA:0,(anonymous_2)
FNDA:1,(anonymous_3)
DA:1,2
DA:15,2
DA:17,2
DA:20,2
DA:23,2
DA:26,2
DA:29,2
DA:35,2
DA:36,2
DA:39,2
DA:40,0
DA:44,2
DA:45,0
DA:49,2
DA:50,0
DA:54,2
DA:55,1
DA:57,1
DA:58,0
DA:62,1
DA:63,1
DA:66,1
LF:22
LH:18
BRDA:17,0,0,2
BRDA:17,0,1,0
BRDA:57,1,0,0
BRDA:57,1,1,1
BRDA:63,2,0,0
BRDA:63,2,1,1
BRF:6
BRH:3
end_of_record
TN:
SF:src/app/config/config.js
FNF:0
FNH:0
DA:2,3
DA:7,3
DA:8,3
DA:11,3
DA:25,3
LF:5
LH:5
BRDA:7,0,0,3
BRDA:7,0,1,0
BRF:2
BRH:1
end_of_record
TN:
SF:src/app/controller/assign.controller.js
FN:6,(anonymous_0)
FN:15,(anonymous_1)
FN:26,(anonymous_2)
FN:34,(anonymous_3)
FN:39,(anonymous_4)
FN:42,(anonymous_5)
FN:50,(anonymous_6)
FN:54,(anonymous_7)
FN:57,(anonymous_8)
FNF:9
FNH:0
FNDA:0,(anonymous_0)
FNDA:0,(anonymous_1)
FNDA:0,(anonymous_2)
FNDA:0,(anonymous_3)
FNDA:0,(anonymous_4)
FNDA:0,(anonymous_5)
FNDA:0,(anonymous_6)
FNDA:0,(anonymous_7)
FNDA:0,(anonymous_8)
DA:1,2
DA:2,2
DA:3,2
DA:6,2
DA:7,0
DA:8,0
DA:10,0
DA:16,0
DA:17,0
DA:21,0
DA:27,0
DA:34,2
DA:35,0
DA:36,0
DA:38,0
DA:40,0
DA:43,0
DA:50,2
DA:51,0
DA:53,0
DA:55,0
DA:58,0
LF:22
LH:6
BRDA:8,0,0,0
BRDA:8,0,1,0
BRDA:16,1,0,0
BRDA:16,1,1,0
BRDA:28,2,0,0
BRDA:28,2,1,0
BRDA:36,3,0,0
BRDA:36,3,1,0
BRDA:45,4,0,0
BRDA:45,4,1,0
BRF:10
BRH:0
end_of_record
TN:
SF:src/app/controller/recommend.controller.js
FN:6,(anonymous_0)
FN:37,(anonymous_1)
FN:40,(anonymous_2)
FN:48,(anonymous_3)
FN:53,(anonymous_4)
FN:56,(anonymous_5)
FN:64,(anonymous_6)
FN:66,(anonymous_7)
FN:69,(anonymous_8)
FNF:9
FNH:0
FNDA:0,(anonymous_0)
FNDA:0,(anonymous_1)
FNDA:0,(anonymous_2)
FNDA:0,(anonymous_3)
FNDA:0,(anonymous_4)
FNDA:0,(anonymous_5)
FNDA:0,(anonymous_6)
FNDA:0,(anonymous_7)
FNDA:0,(anonymous_8)
DA:1,2
DA:2,2
DA:3,2
DA:6,2
DA:8,0
DA:9,0
DA:12,0
DA:14,0
DA:15,0
DA:18,0
DA:20,0
DA:21,0
DA:24,0
DA:28,0
DA:35,0
DA:38,0
DA:41,0
DA:48,2
DA:49,0
DA:50,0
DA:52,0
DA:54,0
DA:57,0
DA:64,2
DA:65,0
DA:67,0
DA:70,0
LF:27
LH:6
BRDA:8,0,0,0
BRDA:8,0,1,0
BRDA:14,1,0,0
BRDA:14,1,1,0
BRDA:20,2,0,0
BRDA:20,2,1,0
BRDA:42,3,0,0
BRDA:42,3,1,0
BRDA:50,4,0,0
BRDA:50,4,1,0
BRDA:59,5,0,0
BRDA:59,5,1,0
BRDA:72,6,0,0
BRDA:72,6,1,0
BRF:14
BRH:0
end_of_record
TN:
SF:src/app/controller/remodeling.controller.js
FN:8,(anonymous_0)
FN:23,(anonymous_1)
FN:26,(anonymous_2)
FN:33,(anonymous_3)
FN:48,(anonymous_4)
FN:51,(anonymous_5)
FNF:6
FNH:0
FNDA:0,(anonymous_0)
FNDA:0,(anonymous_1)
FNDA:0,(anonymous_2)
FNDA:0,(anonymous_3)
FNDA:0,(anonymous_4)
FNDA:0,(anonymous_5)
DA:1,2
DA:2,2
DA:3,2
DA:6,2
DA:8,2
DA:9,0
DA:10,0
DA:12,0
DA:24,0
DA:27,0
DA:33,2
DA:34,0
DA:35,0
DA:37,0
DA:49,0
DA:52,0
LF:16
LH:6
BRDA:10,0,0,0
BRDA:10,0,1,0
BRDA:29,1,0,0
BRDA:29,1,1,0
BRDA:35,2,0,0
BRDA:35,2,1,0
BRDA:54,3,0,0
BRDA:54,3,1,0
BRF:8
BRH:0
end_of_record
TN:
SF:src/app/controller/review.controller.js
FN:98,(anonymous_0)
FN:122,(anonymous_1)
FN:125,(anonymous_2)
FNF:3
FNH:0
FNDA:0,(anonymous_0)
FNDA:0,(anonymous_1)
FNDA:0,(anonymous_2)
DA:1,2
DA:2,2
DA:3,2
DA:4,2
DA:7,2
DA:8,2
DA:9,2
DA:98,2
DA:99,0
DA:100,0
DA:102,0
DA:123,0
DA:126,0
LF:13
LH:8
BRDA:100,0,0,0
BRDA:100,0,1,0
BRDA:128,1,0,0
BRDA:128,1,1,0
BRF:4
BRH:0
end_of_record
TN:
SF:src/app/controller/tutorial.controller.js
FN:6,(anonymous_0)
FN:25,(anonymous_1)
FN:28,(anonymous_2)
FN:36,(anonymous_3)
FN:41,(anonymous_4)
FN:44,(anonymous_5)
FN:52,(anonymous_6)
FN:56,(anonymous_7)
FN:59,(anonymous_8)
FN:67,(anonymous_9)
FN:76,(anonymous_10)
FN:87,(anonymous_11)
FN:95,(anonymous_12)
FN:101,(anonymous_13)
FN:112,(anonymous_14)
FN:121,(anonymous_15)
FN:123,(anonymous_16)
FN:126,(anonymous_17)
FNF:18
FNH:0
FNDA:0,(anonymous_0)
FNDA:0,(anonymous_1)
FNDA:0,(anonymous_2)
FNDA:0,(anonymous_3)
FNDA:0,(anonymous_4)
FNDA:0,(anonymous_5)
FNDA:0,(anonymous_6)
FNDA:0,(anonymous_7)
FNDA:0,(anonymous_8)
FNDA:0,(anonymous_9)
FNDA:0,(anonymous_10)
FNDA:0,(anonymous_11)
FNDA:0,(anonymous_12)
FNDA:0,(anonymous_13)
FNDA:0,(anonymous_14)
FNDA:0,(anonymous_15)
FNDA:0,(anonymous_16)
FNDA:0,(anonymous_17)
DA:1,2
DA:2,2
DA:3,2
DA:6,2
DA:8,0
DA:9,0
DA:12,0
DA:16,0
DA:23,0
DA:26,0
DA:29,0
DA:36,2
DA:37,0
DA:38,0
DA:40,0
DA:42,0
DA:45,0
DA:52,2
DA:53,0
DA:55,0
DA:57,0
DA:60,0
DA:67,2
DA:68,0
DA:69,0
DA:71,0
DA:77,0
DA:78,0
DA:82,0
DA:88,0
DA:95,2
DA:96,0
DA:98,0
DA:102,0
DA:103,0
DA:107,0
DA:113,0
DA:121,2
DA:122,0
DA:124,0
DA:127,0
LF:41
LH:9
BRDA:8,0,0,0
BRDA:8,0,1,0
BRDA:19,1,0,0
BRDA:19,1,1,0
BRDA:30,2,0,0
BRDA:30,2,1,0
BRDA:38,3,0,0
BRDA:38,3,1,0
BRDA:47,4,0,0
BRDA:47,4,1,0
BRDA:69,5,0,0
BRDA:69,5,1,0
BRDA:77,6,0,0
BRDA:77,6,1,0
BRDA:89,7,0,0
BRDA:89,7,1,0
BRDA:102,8,0,0
BRDA:102,8,1,0
BRDA:129,9,0,0
BRDA:129,9,1,0
BRF:20
BRH:0
end_of_record
TN:
SF:src/app/controller/v1/auth.controller.js
FN:4,(anonymous_0)
FNF:1
FNH:0
FNDA:0,(anonymous_0)
DA:4,2
DA:5,0
DA:6,0
DA:8,0
LF:4
LH:1
BRF:0
BRH:0
end_of_record
TN:
SF:src/app/controller/v1/company.controller.js
FN:8,(anonymous_0)
FN:26,(anonymous_1)
FN:29,(anonymous_2)
FNF:3
FNH:0
FNDA:0,(anonymous_0)
FNDA:0,(anonymous_1)
FNDA:0,(anonymous_2)
DA:1,2
DA:2,2
DA:3,2
DA:6,2
DA:8,2
DA:9,0
DA:10,0
DA:12,0
DA:27,0
DA:30,0
LF:10
LH:5
BRDA:10,0,0,0
BRDA:10,0,1,0
BRDA:32,1,0,0
BRDA:32,1,1,0
BRF:4
BRH:0
end_of_record
TN:
SF:src/app/controller/v1/user.controller.js
FN:5,(anonymous_0)
FN:20,(anonymous_1)
FNF:2
FNH:2
FNDA:3,(anonymous_0)
FNDA:90,(anonymous_1)
DA:5,2
DA:6,3
DA:7,3
DA:8,2
DA:10,2
DA:11,1
DA:14,1
DA:18,1
DA:20,90
DA:23,1
LF:10
LH:10
BRDA:7,0,0,2
BRDA:7,0,1,1
BRDA:10,1,0,1
BRDA:10,1,1,1
BRF:4
BRH:4
end_of_record
TN:
SF:src/app/model/ACCESS.js
FN:2,(anonymous_0)
FNF:1
FNH:1
FNDA:9,(anonymous_0)
DA:1,3
DA:2,3
DA:3,9
LF:3
LH:3
BRF:0
BRH:0
end_of_record
TN:
SF:src/app/model/ALERT.js
FN:2,(anonymous_0)
FNF:1
FNH:1
FNDA:9,(anonymous_0)
DA:1,3
DA:2,3
DA:3,9
LF:3
LH:3
BRF:0
BRH:0
end_of_record
TN:
SF:src/app/model/BANNER.js
FN:2,(anonymous_0)
FNF:1
FNH:1
FNDA:9,(anonymous_0)
DA:1,3
DA:2,3
DA:3,9
LF:3
LH:3
BRF:0
BRH:0
end_of_record
TN:
SF:src/app/model/BANNER_IMG.js
FN:2,(anonymous_0)
FNF:1
FNH:1
FNDA:9,(anonymous_0)
DA:1,3
DA:2,3
DA:3,9
LF:3
LH:3
BRF:0
BRH:0
end_of_record
TN:
SF:src/app/model/BUILDING.js
FN:2,(anonymous_0)
FNF:1
FNH:1
FNDA:9,(anonymous_0)
DA:1,3
DA:2,3
DA:3,9
LF:3
LH:3
BRF:0
BRH:0
end_of_record
TN:
SF:src/app/model/BUSINESS_LICENSE.js
FN:2,(anonymous_0)
FNF:1
FNH:1
FNDA:9,(anonymous_0)
DA:1,3
DA:2,3
DA:3,9
LF:3
LH:3
BRF:0
BRH:0
end_of_record
TN:
SF:src/app/model/CERTIFICATE.js
FN:2,(anonymous_0)
FNF:1
FNH:1
FNDA:9,(anonymous_0)
DA:1,3
DA:2,3
DA:3,9
LF:3
LH:3
BRF:0
BRH:0
end_of_record
TN:
SF:src/app/model/COMPANY_ABILITIES.js
FN:2,(anonymous_0)
FNF:1
FNH:1
FNDA:9,(anonymous_0)
DA:1,3
DA:2,3
DA:3,9
LF:3
LH:3
BRF:0
BRH:0
end_of_record
TN:
SF:src/app/model/COMPANY_CERTIFICATE.js
FN:2,(anonymous_0)
FNF:1
FNH:1
FNDA:9,(anonymous_0)
DA:1,3
DA:2,3
DA:3,9
LF:3
LH:3
BRF:0
BRH:0
end_of_record
TN:
SF:src/app/model/COUPON.js
FN:2,(anonymous_0)
FNF:1
FNH:1
FNDA:9,(anonymous_0)
DA:1,3
DA:2,3
DA:3,9
LF:3
LH:3
BRF:0
BRH:0
end_of_record
TN:
SF:src/app/model/ISSUED_COUPON.js
FN:2,(anonymous_0)
FNF:1
FNH:1
FNDA:9,(anonymous_0)
DA:1,3
DA:2,3
DA:3,9
LF:3
LH:3
BRF:0
BRH:0
end_of_record
TN:
SF:src/app/model/KEYWORD.js
FN:2,(anonymous_0)
FNF:1
FNH:1
FNDA:9,(anonymous_0)
DA:1,3
DA:2,3
DA:3,9
LF:3
LH:3
BRF:0
BRH:0
end_of_record
TN:
SF:src/app/model/KEYWORD_ASSIGNED.js
FN:2,(anonymous_0)
FNF:1
FNH:1
FNDA:9,(anonymous_0)
DA:1,3
DA:2,3
DA:3,9
LF:3
LH:3
BRF:0
BRH:0
end_of_record
TN:
SF:src/app/model/POPULAR_AREA.js
FN:2,(anonymous_0)
FNF:1
FNH:1
FNDA:9,(anonymous_0)
DA:1,3
DA:2,3
DA:3,9
LF:3
LH:3
BRF:0
BRH:0
end_of_record
TN:
SF:src/app/model/REMODELING_APPLY_DIV2.js
FN:2,(anonymous_0)
FNF:1
FNH:1
FNDA:9,(anonymous_0)
DA:1,3
DA:2,3
DA:3,9
LF:3
LH:3
BRF:0
BRH:0
end_of_record
TN:
SF:src/app/model/REMODELINGs.js
FN:2,(anonymous_0)
FNF:1
FNH:1
FNDA:9,(anonymous_0)
DA:1,3
DA:2,3
DA:3,9
LF:3
LH:3
BRF:0
BRH:0
end_of_record
TN:
SF:src/app/model/RESIDENT.js
FN:2,(anonymous_0)
FNF:1
FNH:1
FNDA:9,(anonymous_0)
DA:1,3
DA:2,3
DA:3,9
LF:3
LH:3
BRF:0
BRH:0
end_of_record
TN:
SF:src/app/model/RMDL_DIV1.js
FN:2,(anonymous_0)
FNF:1
FNH:1
FNDA:9,(anonymous_0)
DA:1,3
DA:2,3
DA:3,9
LF:3
LH:3
BRF:0
BRH:0
end_of_record
TN:
SF:src/app/model/RMDL_DIV2.js
FN:2,(anonymous_0)
FNF:1
FNH:1
FNDA:9,(anonymous_0)
DA:1,3
DA:2,3
DA:3,9
LF:3
LH:3
BRF:0
BRH:0
end_of_record
TN:
SF:src/app/model/ROOT_AREA.js
FN:2,(anonymous_0)
FNF:1
FNH:1
FNDA:9,(anonymous_0)
DA:1,3
DA:2,3
DA:3,9
LF:3
LH:3
BRF:0
BRH:0
end_of_record
TN:
SF:src/app/model/SECOND_AREA.js
FN:2,(anonymous_0)
FNF:1
FNH:1
FNDA:9,(anonymous_0)
DA:1,3
DA:2,3
DA:3,9
LF:3
LH:3
BRF:0
BRH:0
end_of_record
TN:
SF:src/app/model/SPECIALIZED.js
FN:2,(anonymous_0)
FNF:1
FNH:1
FNDA:9,(anonymous_0)
DA:1,3
DA:2,3
DA:3,9
LF:3
LH:3
BRF:0
BRH:0
end_of_record
TN:
SF:src/app/model/SequelizeMeta.js
FN:2,(anonymous_0)
FNF:1
FNH:1
FNDA:9,(anonymous_0)
DA:1,3
DA:2,3
DA:3,9
LF:3
LH:3
BRF:0
BRH:0
end_of_record
TN:
SF:src/app/model/THEME.js
FN:2,(anonymous_0)
FNF:1
FNH:1
FNDA:9,(anonymous_0)
DA:1,3
DA:2,3
DA:3,9
LF:3
LH:3
BRF:0
BRH:0
end_of_record
TN:
SF:src/app/model/THEME_ASSIGNED.js
FN:2,(anonymous_0)
FNF:1
FNH:1
FNDA:9,(anonymous_0)
DA:1,3
DA:2,3
DA:3,9
LF:3
LH:3
BRF:0
BRH:0
end_of_record
TN:
SF:src/app/model/USER_HASH.js
FN:2,(anonymous_0)
FNF:1
FNH:1
FNDA:9,(anonymous_0)
DA:1,3
DA:2,3
DA:3,9
LF:3
LH:3
BRF:0
BRH:0
end_of_record
TN:
SF:src/app/model/VALID_BUSINESS_LICENSE.js
FN:2,(anonymous_0)
FNF:1
FNH:1
FNDA:9,(anonymous_0)
DA:1,3
DA:2,3
DA:3,9
LF:3
LH:3
BRF:0
BRH:0
end_of_record
TN:
SF:src/app/model/admin.js
FN:2,(anonymous_0)
FNF:1
FNH:1
FNDA:9,(anonymous_0)
DA:1,3
DA:2,3
DA:3,9
LF:3
LH:3
BRF:0
BRH:0
end_of_record
TN:
SF:src/app/model/assign.js
FN:2,(anonymous_0)
FNF:1
FNH:1
FNDA:9,(anonymous_0)
DA:1,3
DA:2,3
DA:3,9
LF:3
LH:3
BRF:0
BRH:0
end_of_record
TN:
SF:src/app/model/company.js
FN:2,(anonymous_0)
FNF:1
FNH:1
FNDA:9,(anonymous_0)
DA:1,3
DA:2,3
DA:3,9
LF:3
LH:3
BRF:0
BRH:0
end_of_record
TN:
SF:src/app/model/index.js
FN:31,(anonymous_0)
FN:34,(anonymous_1)
FNF:2
FNH:2
FNDA:117,(anonymous_0)
FNDA:114,(anonymous_1)
DA:3,3
DA:4,3
DA:5,3
DA:6,3
DA:7,3
DA:8,3
DA:9,3
DA:11,3
DA:14,3
DA:15,0
DA:17,3
DA:27,3
DA:29,3
DA:32,117
DA:35,114
DA:36,114
DA:39,3
DA:40,3
DA:42,3
DA:43,3
LF:20
LH:19
BRDA:7,0,0,3
BRDA:7,0,1,0
BRDA:14,1,0,0
BRDA:14,1,1,3
BRDA:32,2,0,117
BRDA:32,2,1,117
BRDA:32,2,2,114
BRF:7
BRH:5
end_of_record
TN:
SF:src/app/model/init-models.js
FN:40,initModels
FNF:1
FNH:1
FNDA:6,initModels
DA:1,3
DA:2,3
DA:3,3
DA:4,3
DA:5,3
DA:6,3
DA:7,3
DA:8,3
DA:9,3
DA:10,3
DA:11,3
DA:12,3
DA:13,3
DA:14,3
DA:15,3
DA:16,3
DA:17,3
DA:18,3
DA:19,3
DA:20,3
DA:21,3
DA:22,3
DA:23,3
DA:24,3
DA:25,3
DA:26,3
DA:27,3
DA:28,3
DA:29,3
DA:30,3
DA:31,3
DA:32,3
DA:33,3
DA:34,3
DA:35,3
DA:36,3
DA:37,3
DA:38,3
DA:41,6
DA:42,6
DA:43,6
DA:44,6
DA:45,6
DA:46,6
DA:47,6
DA:48,6
DA:49,6
DA:50,6
DA:51,6
DA:52,6
DA:53,6
DA:54,6
DA:55,6
DA:56,6
DA:57,6
DA:58,6
DA:59,6
DA:60,6
DA:61,6
DA:62,6
DA:63,6
DA:64,6
DA:65,6
DA:66,6
DA:67,6
DA:68,6
DA:69,6
DA:70,6
DA:71,6
DA:72,6
DA:73,6
DA:74,6
DA:75,6
DA:76,6
DA:77,6
DA:81,6
DA:82,6
DA:84,6
DA:85,6
DA:87,6
DA:88,6
DA:90,6
DA:91,6
DA:93,6
DA:94,6
DA:96,6
DA:97,6
DA:100,6
DA:140,3
DA:141,3
DA:142,3
LF:91
LH:91
BRF:0
BRH:0
end_of_record
TN:
SF:src/app/model/recommend.js
FN:2,(anonymous_0)
FNF:1
FNH:1
FNDA:9,(anonymous_0)
DA:1,3
DA:2,3
DA:3,9
LF:3
LH:3
BRF:0
BRH:0
end_of_record
TN:
SF:src/app/model/remodeling.js
FN:2,(anonymous_0)
FNF:1
FNH:1
FNDA:9,(anonymous_0)
DA:1,3
DA:2,3
DA:3,9
LF:3
LH:3
BRF:0
BRH:0
end_of_record
TN:
SF:src/app/model/remodeling_apply.js
FN:2,(anonymous_0)
FNF:1
FNH:1
FNDA:9,(anonymous_0)
DA:1,3
DA:2,3
DA:3,9
LF:3
LH:3
BRF:0
BRH:0
end_of_record
TN:
SF:src/app/model/remodeling_img.js
FN:2,(anonymous_0)
FNF:1
FNH:1
FNDA:9,(anonymous_0)
DA:1,3
DA:2,3
DA:3,9
LF:3
LH:3
BRF:0
BRH:0
end_of_record
TN:
SF:src/app/model/review.js
FN:2,(anonymous_0)
FNF:1
FNH:1
FNDA:9,(anonymous_0)
DA:1,3
DA:2,3
DA:3,9
LF:3
LH:3
BRF:0
BRH:0
end_of_record
TN:
SF:src/app/model/tutorials.js
FN:2,(anonymous_0)
FNF:1
FNH:1
FNDA:9,(anonymous_0)
DA:1,3
DA:2,3
DA:3,9
LF:3
LH:3
BRF:0
BRH:0
end_of_record
TN:
SF:src/app/model/users.js
FN:9,(anonymous_0)
FN:15,(anonymous_1)
FN:16,(anonymous_2)
FN:127,(anonymous_3)
FN:135,(anonymous_4)
FNF:5
FNH:5
FNDA:9,(anonymous_0)
FNDA:3,(anonymous_1)
FNDA:2,(anonymous_2)
FNDA:3,(anonymous_3)
FNDA:91,(anonymous_4)
DA:8,3
DA:9,3
DA:10,9
DA:15,3
DA:17,2
DA:127,9
DA:128,3
DA:129,3
DA:130,3
DA:135,9
DA:138,91
DA:141,91
DA:142,91
DA:145,91
DA:148,9
LF:15
LH:15
BRDA:128,0,0,3
BRDA:128,0,1,0
BRF:2
BRH:1
end_of_record
TN:
SF:src/app/repository/user.repository.js
FN:5,(anonymous_0)
FN:8,(anonymous_1)
FN:11,(anonymous_2)
FN:20,(anonymous_3)
FNF:4
FNH:2
FNDA:0,(anonymous_0)
FNDA:1,(anonymous_1)
FNDA:2,(anonymous_2)
FNDA:0,(anonymous_3)
DA:5,0
DA:8,1
DA:12,2
DA:20,0
LF:4
LH:2
BRF:0
BRH:0
end_of_record
TN:
SF:src/app/route/index.js
FNF:0
FNH:0
DA:8,2
DA:10,2
DA:12,2
LF:3
LH:3
BRF:0
BRH:0
end_of_record
TN:
SF:src/app/route/v1/auth.route.js
FNF:0
FNH:0
DA:6,2
DA:8,2
LF:2
LH:2
BRF:0
BRH:0
end_of_record
TN:
SF:src/app/route/v1/index.js
FN:14,(anonymous_0)
FN:15,(anonymous_1)
FN:18,(anonymous_2)
FN:21,(anonymous_3)
FN:22,(anonymous_4)
FNF:5
FNH:2
FNDA:8,(anonymous_0)
FNDA:4,(anonymous_1)
FNDA:0,(anonymous_2)
FNDA:0,(anonymous_3)
FNDA:0,(anonymous_4)
DA:5,2
DA:6,2
DA:12,2
DA:13,2
DA:14,8
DA:15,4
DA:18,2
DA:19,0
DA:20,0
DA:21,0
DA:22,0
DA:23,0
LF:12
LH:7
BRDA:14,0,0,8
BRDA:14,0,1,8
BRDA:14,0,2,6
BRDA:21,1,0,0
BRDA:21,1,1,0
BRDA:21,1,2,0
BRF:6
BRH:3
end_of_record
TN:
SF:src/app/route/v1/users.route.js
FNF:0
FNH:0
DA:4,2
DA:6,2
DA:11,2
LF:3
LH:3
BRF:0
BRH:0
end_of_record
TN:
SF:src/app/route/v1/auth-non/assign.js
FNF:0
FNH:0
DA:1,2
DA:2,2
DA:22,2
DA:23,2
DA:24,2
DA:27,2
LF:6
LH:6
BRF:0
BRH:0
end_of_record
TN:
SF:src/app/route/v1/auth-non/company.js
FNF:0
FNH:0
DA:1,2
DA:2,2
DA:13,2
DA:14,2
DA:30,2
LF:5
LH:5
BRF:0
BRH:0
end_of_record
TN:
SF:src/app/route/v1/auth-non/index.js
FNF:0
FNH:0
DA:1,2
DA:2,2
DA:3,2
DA:4,2
DA:5,2
DA:6,2
DA:7,2
DA:9,2
DA:10,2
DA:11,2
DA:12,2
DA:13,2
DA:14,2
DA:15,2
DA:17,2
LF:15
LH:15
BRF:0
BRH:0
end_of_record
TN:
SF:src/app/route/v1/auth-non/recommend.js
FNF:0
FNH:0
DA:1,2
DA:2,2
DA:5,2
DA:8,2
DA:11,2
DA:27,2
LF:6
LH:6
BRF:0
BRH:0
end_of_record
TN:
SF:src/app/route/v1/auth-non/remodeling.js
FNF:0
FNH:0
DA:1,2
DA:2,2
DA:6,2
DA:7,2
DA:8,2
DA:10,2
LF:6
LH:6
BRF:0
BRH:0
end_of_record
TN:
SF:src/app/route/v1/auth-non/review.js
FNF:0
FNH:0
DA:1,2
DA:2,2
DA:8,2
DA:24,2
LF:4
LH:4
BRF:0
BRH:0
end_of_record
TN:
SF:src/app/route/v1/auth-non/tutorial.js
FNF:0
FNH:0
DA:1,2
DA:2,2
DA:5,2
DA:8,2
DA:11,2
DA:14,2
DA:17,2
DA:20,2
DA:22,2
LF:9
LH:9
BRF:0
BRH:0
end_of_record
TN:
SF:src/app/util/uuid.js
FN:3,(anonymous_0)
FNF:1
FNH:1
FNDA:5,(anonymous_0)
DA:3,3
DA:4,5
DA:5,5
LF:3
LH:3
BRF:0
BRH:0
end_of_record
